nohup: ignoring input
Generating modified URDF for /home/swarajh/miniconda3/envs/hyper/lib/python3.9/site-packages/mani_skill/assets/robots/panda/panda_stick.urdf with z-scale of 0.7...
Successfully modified link5 with z-scale of 0.7
Adjusted joint5 origin: added -0.06000000000000001 to y coordinate
Adjusted joint6 origin: added -0.06000000000000001 to y coordinate
Modified URDF saved to /tmp/panda_stick_scaled_0.7.urdf
Initializing ContextualPandaStick...
Generating modified URDF for /home/swarajh/miniconda3/envs/hyper/lib/python3.9/site-packages/mani_skill/assets/robots/panda/panda_stick.urdf with z-scale of 0.7...
Successfully modified link5 with z-scale of 0.7
Adjusted joint5 origin: added -0.06000000000000001 to y coordinate
Adjusted joint6 origin: added -0.06000000000000001 to y coordinate
Modified URDF saved to /tmp/panda_stick_scaled_0.7.urdf
Initializing ContextualPandaStick...
Saving eval videos to runs/ContextualPushT-v1__ppo_t__1__1747335172/videos
Running training
Generating modified URDF for /home/swarajh/miniconda3/envs/hyper/lib/python3.9/site-packages/mani_skill/assets/robots/panda/panda_stick.urdf with z-scale of 0.7...
Successfully modified link5 with z-scale of 0.7
Adjusted joint5 origin: added -0.06000000000000001 to y coordinate
Adjusted joint6 origin: added -0.06000000000000001 to y coordinate
Modified URDF saved to /tmp/panda_stick_scaled_0.7.urdf
Initializing ContextualPandaStick...
####
args.num_iterations=976 args.num_envs=2048 args.num_eval_envs=8
args.minibatch_size=3200 args.batch_size=102400 args.update_epochs=8
####
Epoch: 1, global_step=0
Evaluating
Generating modified URDF for /home/swarajh/miniconda3/envs/hyper/lib/python3.9/site-packages/mani_skill/assets/robots/panda/panda_stick.urdf with z-scale of 0.7...
Successfully modified link5 with z-scale of 0.7
Adjusted joint5 origin: added -0.06000000000000001 to y coordinate
Adjusted joint6 origin: added -0.06000000000000001 to y coordinate
Modified URDF saved to /tmp/panda_stick_scaled_0.7.urdf
Initializing ContextualPandaStick...
Generating modified URDF for /home/swarajh/miniconda3/envs/hyper/lib/python3.9/site-packages/mani_skill/assets/robots/panda/panda_stick.urdf with z-scale of 0.7...
Successfully modified link5 with z-scale of 0.7
Adjusted joint5 origin: added -0.06000000000000001 to y coordinate
Adjusted joint6 origin: added -0.06000000000000001 to y coordinate
Modified URDF saved to /tmp/panda_stick_scaled_0.7.urdf
Initializing ContextualPandaStick...
Evaluated 400 steps resulting in 8 episodes
eval_success_once_mean=0.0
eval_return_mean=5.713564395904541
eval_episode_len_mean=50.0
eval_reward_mean=0.11427129805088043
eval_success_at_end_mean=0.0
model saved to runs/ContextualPushT-v1__ppo_t__1__1747335172/ckpt_1.pt
SPS: 6639
Epoch: 2, global_step=102400
SPS: 8827
Epoch: 3, global_step=204800
SPS: 10114
Epoch: 4, global_step=307200
SPS: 10728
Epoch: 5, global_step=409600
SPS: 11202
Epoch: 6, global_step=512000
SPS: 11427
Epoch: 7, global_step=614400
SPS: 11605
Epoch: 8, global_step=716800
SPS: 11815
Epoch: 9, global_step=819200
SPS: 11928
Epoch: 10, global_step=921600
SPS: 12072
Epoch: 11, global_step=1024000
SPS: 12192
Epoch: 12, global_step=1126400
SPS: 12233
Epoch: 13, global_step=1228800
SPS: 12252
Epoch: 14, global_step=1331200
SPS: 12304
Epoch: 15, global_step=1433600
SPS: 12406
Epoch: 16, global_step=1536000
SPS: 12501
Epoch: 17, global_step=1638400
SPS: 12544
Epoch: 18, global_step=1740800
SPS: 12547
Epoch: 19, global_step=1843200
SPS: 12613
Epoch: 20, global_step=1945600
SPS: 12634
Epoch: 21, global_step=2048000
SPS: 12635
Epoch: 22, global_step=2150400
SPS: 12615
Epoch: 23, global_step=2252800
SPS: 12590
Epoch: 24, global_step=2355200
SPS: 12608
Epoch: 25, global_step=2457600
SPS: 12587
Epoch: 26, global_step=2560000
Evaluating
Generating modified URDF for /home/swarajh/miniconda3/envs/hyper/lib/python3.9/site-packages/mani_skill/assets/robots/panda/panda_stick.urdf with z-scale of 0.7...
Successfully modified link5 with z-scale of 0.7
Adjusted joint5 origin: added -0.06000000000000001 to y coordinate
Adjusted joint6 origin: added -0.06000000000000001 to y coordinate
Modified URDF saved to /tmp/panda_stick_scaled_0.7.urdf
Initializing ContextualPandaStick...
Generating modified URDF for /home/swarajh/miniconda3/envs/hyper/lib/python3.9/site-packages/mani_skill/assets/robots/panda/panda_stick.urdf with z-scale of 0.7...
Successfully modified link5 with z-scale of 0.7
Adjusted joint5 origin: added -0.06000000000000001 to y coordinate
Adjusted joint6 origin: added -0.06000000000000001 to y coordinate
Modified URDF saved to /tmp/panda_stick_scaled_0.7.urdf
Initializing ContextualPandaStick...
Evaluated 400 steps resulting in 8 episodes
eval_success_once_mean=0.0
eval_return_mean=5.4142279624938965
eval_episode_len_mean=50.0
eval_reward_mean=0.10828455537557602
eval_success_at_end_mean=0.0
model saved to runs/ContextualPushT-v1__ppo_t__1__1747335172/ckpt_26.pt
SPS: 12192
Epoch: 27, global_step=2662400
SPS: 12196
Epoch: 28, global_step=2764800
SPS: 12215
Epoch: 29, global_step=2867200
SPS: 12215
Epoch: 30, global_step=2969600
SPS: 12212
Epoch: 31, global_step=3072000
SPS: 12247
Epoch: 32, global_step=3174400
SPS: 12241
Epoch: 33, global_step=3276800
SPS: 12249
Epoch: 34, global_step=3379200
SPS: 12251
Epoch: 35, global_step=3481600
SPS: 12261
Epoch: 36, global_step=3584000
SPS: 12261
Epoch: 37, global_step=3686400
SPS: 12272
Epoch: 38, global_step=3788800
SPS: 12276
Epoch: 39, global_step=3891200
SPS: 12265
Epoch: 40, global_step=3993600
SPS: 12237
Epoch: 41, global_step=4096000
SPS: 12238
Epoch: 42, global_step=4198400
SPS: 12223
Epoch: 43, global_step=4300800
SPS: 12219
Epoch: 44, global_step=4403200
SPS: 12199
Epoch: 45, global_step=4505600
SPS: 12183
Epoch: 46, global_step=4608000
SPS: 12158
Epoch: 47, global_step=4710400
SPS: 12174
Epoch: 48, global_step=4812800
SPS: 12162
Epoch: 49, global_step=4915200
SPS: 12162
Epoch: 50, global_step=5017600
SPS: 12146
Epoch: 51, global_step=5120000
Evaluating
Generating modified URDF for /home/swarajh/miniconda3/envs/hyper/lib/python3.9/site-packages/mani_skill/assets/robots/panda/panda_stick.urdf with z-scale of 0.7...
Successfully modified link5 with z-scale of 0.7
Adjusted joint5 origin: added -0.06000000000000001 to y coordinate
Adjusted joint6 origin: added -0.06000000000000001 to y coordinate
Modified URDF saved to /tmp/panda_stick_scaled_0.7.urdf
Initializing ContextualPandaStick...
Generating modified URDF for /home/swarajh/miniconda3/envs/hyper/lib/python3.9/site-packages/mani_skill/assets/robots/panda/panda_stick.urdf with z-scale of 0.7...
Successfully modified link5 with z-scale of 0.7
Adjusted joint5 origin: added -0.06000000000000001 to y coordinate
Adjusted joint6 origin: added -0.06000000000000001 to y coordinate
Modified URDF saved to /tmp/panda_stick_scaled_0.7.urdf
Initializing ContextualPandaStick...
Evaluated 400 steps resulting in 8 episodes
eval_success_once_mean=0.0
eval_return_mean=6.915572166442871
eval_episode_len_mean=50.0
eval_reward_mean=0.1383114457130432
eval_success_at_end_mean=0.0
model saved to runs/ContextualPushT-v1__ppo_t__1__1747335172/ckpt_51.pt
SPS: 11949
Epoch: 52, global_step=5222400
SPS: 11938
Epoch: 53, global_step=5324800
SPS: 11928
Epoch: 54, global_step=5427200
SPS: 11904
Epoch: 55, global_step=5529600
SPS: 11883
Epoch: 56, global_step=5632000
SPS: 11863
Epoch: 57, global_step=5734400
SPS: 11850
Epoch: 58, global_step=5836800
SPS: 11828
Epoch: 59, global_step=5939200
SPS: 11810
Epoch: 60, global_step=6041600
SPS: 11797
Epoch: 61, global_step=6144000
SPS: 11772
Epoch: 62, global_step=6246400
SPS: 11750
Epoch: 63, global_step=6348800
SPS: 11728
Epoch: 64, global_step=6451200
SPS: 11704
Epoch: 65, global_step=6553600
SPS: 11684
Epoch: 66, global_step=6656000
SPS: 11668
Epoch: 67, global_step=6758400
SPS: 11645
Epoch: 68, global_step=6860800
SPS: 11622
Epoch: 69, global_step=6963200
SPS: 11600
Epoch: 70, global_step=7065600
SPS: 11578
Epoch: 71, global_step=7168000
SPS: 11564
Epoch: 72, global_step=7270400
SPS: 11539
Epoch: 73, global_step=7372800
SPS: 11515
Epoch: 74, global_step=7475200
SPS: 11509
Epoch: 75, global_step=7577600
SPS: 11491
Epoch: 76, global_step=7680000
Evaluating
Generating modified URDF for /home/swarajh/miniconda3/envs/hyper/lib/python3.9/site-packages/mani_skill/assets/robots/panda/panda_stick.urdf with z-scale of 0.7...
Successfully modified link5 with z-scale of 0.7
Adjusted joint5 origin: added -0.06000000000000001 to y coordinate
Adjusted joint6 origin: added -0.06000000000000001 to y coordinate
Modified URDF saved to /tmp/panda_stick_scaled_0.7.urdf
Initializing ContextualPandaStick...
Generating modified URDF for /home/swarajh/miniconda3/envs/hyper/lib/python3.9/site-packages/mani_skill/assets/robots/panda/panda_stick.urdf with z-scale of 0.7...
Successfully modified link5 with z-scale of 0.7
Adjusted joint5 origin: added -0.06000000000000001 to y coordinate
Adjusted joint6 origin: added -0.06000000000000001 to y coordinate
Modified URDF saved to /tmp/panda_stick_scaled_0.7.urdf
Initializing ContextualPandaStick...
Evaluated 400 steps resulting in 8 episodes
eval_success_once_mean=0.0
eval_return_mean=7.796849250793457
eval_episode_len_mean=50.0
eval_reward_mean=0.15593698620796204
eval_success_at_end_mean=0.0
model saved to runs/ContextualPushT-v1__ppo_t__1__1747335172/ckpt_76.pt
SPS: 11362
Epoch: 77, global_step=7782400
SPS: 11331
Epoch: 78, global_step=7884800
SPS: 11308
Epoch: 79, global_step=7987200
SPS: 11283
Epoch: 80, global_step=8089600
SPS: 11260
Epoch: 81, global_step=8192000
SPS: 11231
Epoch: 82, global_step=8294400
SPS: 11206
Epoch: 83, global_step=8396800
SPS: 11180
Epoch: 84, global_step=8499200
SPS: 11152
Epoch: 85, global_step=8601600
SPS: 11128
Epoch: 86, global_step=8704000
SPS: 11104
Epoch: 87, global_step=8806400
SPS: 11082
Epoch: 88, global_step=8908800
SPS: 11056
Epoch: 89, global_step=9011200
SPS: 11028
Epoch: 90, global_step=9113600
SPS: 11007
Epoch: 91, global_step=9216000
SPS: 10988
Epoch: 92, global_step=9318400
SPS: 10965
Epoch: 93, global_step=9420800
SPS: 10943
Epoch: 94, global_step=9523200
SPS: 10925
Epoch: 95, global_step=9625600
SPS: 10904
Epoch: 96, global_step=9728000
SPS: 10891
Epoch: 97, global_step=9830400
SPS: 10879
Epoch: 98, global_step=9932800
SPS: 10857
Epoch: 99, global_step=10035200
SPS: 10840
Epoch: 100, global_step=10137600
SPS: 10821
Epoch: 101, global_step=10240000
Evaluating
Generating modified URDF for /home/swarajh/miniconda3/envs/hyper/lib/python3.9/site-packages/mani_skill/assets/robots/panda/panda_stick.urdf with z-scale of 0.7...
Successfully modified link5 with z-scale of 0.7
Adjusted joint5 origin: added -0.06000000000000001 to y coordinate
Adjusted joint6 origin: added -0.06000000000000001 to y coordinate
Modified URDF saved to /tmp/panda_stick_scaled_0.7.urdf
Initializing ContextualPandaStick...
Generating modified URDF for /home/swarajh/miniconda3/envs/hyper/lib/python3.9/site-packages/mani_skill/assets/robots/panda/panda_stick.urdf with z-scale of 0.7...
Successfully modified link5 with z-scale of 0.7
Adjusted joint5 origin: added -0.06000000000000001 to y coordinate
Adjusted joint6 origin: added -0.06000000000000001 to y coordinate
Modified URDF saved to /tmp/panda_stick_scaled_0.7.urdf
Initializing ContextualPandaStick...
Evaluated 400 steps resulting in 8 episodes
eval_success_once_mean=0.0
eval_return_mean=10.408870697021484
eval_episode_len_mean=50.0
eval_reward_mean=0.20817741751670837
eval_success_at_end_mean=0.0
model saved to runs/ContextualPushT-v1__ppo_t__1__1747335172/ckpt_101.pt
SPS: 10730
Epoch: 102, global_step=10342400
SPS: 10700
Epoch: 103, global_step=10444800
SPS: 10675
Epoch: 104, global_step=10547200
SPS: 10660
Epoch: 105, global_step=10649600
SPS: 10638
Epoch: 106, global_step=10752000
SPS: 10617
Epoch: 107, global_step=10854400
SPS: 10598
Epoch: 108, global_step=10956800
SPS: 10572
Epoch: 109, global_step=11059200
SPS: 10553
Epoch: 110, global_step=11161600
SPS: 10527
Epoch: 111, global_step=11264000
SPS: 10508
Epoch: 112, global_step=11366400
SPS: 10488
Epoch: 113, global_step=11468800
SPS: 10465
Epoch: 114, global_step=11571200
SPS: 10441
Epoch: 115, global_step=11673600
SPS: 10427
Epoch: 116, global_step=11776000
SPS: 10409
Epoch: 117, global_step=11878400
SPS: 10393
Epoch: 118, global_step=11980800
SPS: 10386
Epoch: 119, global_step=12083200
SPS: 10367
Epoch: 120, global_step=12185600
SPS: 10352
Epoch: 121, global_step=12288000
SPS: 10335
Epoch: 122, global_step=12390400
SPS: 10311
Epoch: 123, global_step=12492800
SPS: 10292
Epoch: 124, global_step=12595200
SPS: 10276
Epoch: 125, global_step=12697600
SPS: 10251
Epoch: 126, global_step=12800000
Evaluating
Generating modified URDF for /home/swarajh/miniconda3/envs/hyper/lib/python3.9/site-packages/mani_skill/assets/robots/panda/panda_stick.urdf with z-scale of 0.7...
Successfully modified link5 with z-scale of 0.7
Adjusted joint5 origin: added -0.06000000000000001 to y coordinate
Adjusted joint6 origin: added -0.06000000000000001 to y coordinate
Modified URDF saved to /tmp/panda_stick_scaled_0.7.urdf
Initializing ContextualPandaStick...
Generating modified URDF for /home/swarajh/miniconda3/envs/hyper/lib/python3.9/site-packages/mani_skill/assets/robots/panda/panda_stick.urdf with z-scale of 0.7...
Successfully modified link5 with z-scale of 0.7
Adjusted joint5 origin: added -0.06000000000000001 to y coordinate
Adjusted joint6 origin: added -0.06000000000000001 to y coordinate
Modified URDF saved to /tmp/panda_stick_scaled_0.7.urdf
Initializing ContextualPandaStick...
Evaluated 400 steps resulting in 8 episodes
eval_success_once_mean=0.0
eval_return_mean=7.919681549072266
eval_episode_len_mean=50.0
eval_reward_mean=0.15839363634586334
eval_success_at_end_mean=0.0
model saved to runs/ContextualPushT-v1__ppo_t__1__1747335172/ckpt_126.pt
SPS: 10174
Epoch: 127, global_step=12902400
SPS: 10154
Epoch: 128, global_step=13004800
SPS: 10137
Epoch: 129, global_step=13107200
SPS: 10122
Epoch: 130, global_step=13209600
SPS: 10104
Epoch: 131, global_step=13312000
SPS: 10079
Epoch: 132, global_step=13414400
SPS: 10063
Epoch: 133, global_step=13516800
SPS: 10047
Epoch: 134, global_step=13619200
SPS: 10036
Epoch: 135, global_step=13721600
SPS: 10020
Epoch: 136, global_step=13824000
SPS: 10006
Epoch: 137, global_step=13926400
SPS: 9996
Epoch: 138, global_step=14028800
SPS: 9985
Epoch: 139, global_step=14131200
SPS: 9968
Epoch: 140, global_step=14233600
SPS: 9957
Epoch: 141, global_step=14336000
SPS: 9941
Epoch: 142, global_step=14438400
SPS: 9924
Epoch: 143, global_step=14540800
SPS: 9910
Epoch: 144, global_step=14643200
SPS: 9895
Epoch: 145, global_step=14745600
SPS: 9883
Epoch: 146, global_step=14848000
SPS: 9868
Epoch: 147, global_step=14950400
SPS: 9857
Epoch: 148, global_step=15052800
SPS: 9846
Epoch: 149, global_step=15155200
SPS: 9829
Epoch: 150, global_step=15257600
SPS: 9813
Epoch: 151, global_step=15360000
Evaluating
Generating modified URDF for /home/swarajh/miniconda3/envs/hyper/lib/python3.9/site-packages/mani_skill/assets/robots/panda/panda_stick.urdf with z-scale of 0.7...
Successfully modified link5 with z-scale of 0.7
Adjusted joint5 origin: added -0.06000000000000001 to y coordinate
Adjusted joint6 origin: added -0.06000000000000001 to y coordinate
Modified URDF saved to /tmp/panda_stick_scaled_0.7.urdf
Initializing ContextualPandaStick...
Generating modified URDF for /home/swarajh/miniconda3/envs/hyper/lib/python3.9/site-packages/mani_skill/assets/robots/panda/panda_stick.urdf with z-scale of 0.7...
Successfully modified link5 with z-scale of 0.7
Adjusted joint5 origin: added -0.06000000000000001 to y coordinate
Adjusted joint6 origin: added -0.06000000000000001 to y coordinate
Modified URDF saved to /tmp/panda_stick_scaled_0.7.urdf
Initializing ContextualPandaStick...
Evaluated 400 steps resulting in 8 episodes
eval_success_once_mean=0.125
eval_return_mean=10.985010147094727
eval_episode_len_mean=50.0
eval_reward_mean=0.21970021724700928
eval_success_at_end_mean=0.125
model saved to runs/ContextualPushT-v1__ppo_t__1__1747335172/ckpt_151.pt
SPS: 9761
Epoch: 152, global_step=15462400
SPS: 9753
Epoch: 153, global_step=15564800
SPS: 9738
Epoch: 154, global_step=15667200
SPS: 9729
Epoch: 155, global_step=15769600
SPS: 9720
Epoch: 156, global_step=15872000
SPS: 9705
Epoch: 157, global_step=15974400
SPS: 9695
Epoch: 158, global_step=16076800
SPS: 9687
Epoch: 159, global_step=16179200
SPS: 9674
Epoch: 160, global_step=16281600
SPS: 9660
Epoch: 161, global_step=16384000
SPS: 9651
Epoch: 162, global_step=16486400
SPS: 9637
Epoch: 163, global_step=16588800
SPS: 9624
Epoch: 164, global_step=16691200
SPS: 9611
Epoch: 165, global_step=16793600
SPS: 9599
Epoch: 166, global_step=16896000
SPS: 9587
Epoch: 167, global_step=16998400
SPS: 9577
Epoch: 168, global_step=17100800
SPS: 9565
Epoch: 169, global_step=17203200
SPS: 9555
Epoch: 170, global_step=17305600
SPS: 9543
Epoch: 171, global_step=17408000
SPS: 9531
Epoch: 172, global_step=17510400
SPS: 9520
Epoch: 173, global_step=17612800
SPS: 9507
Epoch: 174, global_step=17715200
SPS: 9494
Epoch: 175, global_step=17817600
SPS: 9485
Epoch: 176, global_step=17920000
Evaluating
Generating modified URDF for /home/swarajh/miniconda3/envs/hyper/lib/python3.9/site-packages/mani_skill/assets/robots/panda/panda_stick.urdf with z-scale of 0.7...
Successfully modified link5 with z-scale of 0.7
Adjusted joint5 origin: added -0.06000000000000001 to y coordinate
Adjusted joint6 origin: added -0.06000000000000001 to y coordinate
Modified URDF saved to /tmp/panda_stick_scaled_0.7.urdf
Initializing ContextualPandaStick...
Generating modified URDF for /home/swarajh/miniconda3/envs/hyper/lib/python3.9/site-packages/mani_skill/assets/robots/panda/panda_stick.urdf with z-scale of 0.7...
Successfully modified link5 with z-scale of 0.7
Adjusted joint5 origin: added -0.06000000000000001 to y coordinate
Adjusted joint6 origin: added -0.06000000000000001 to y coordinate
Modified URDF saved to /tmp/panda_stick_scaled_0.7.urdf
Initializing ContextualPandaStick...
Evaluated 400 steps resulting in 8 episodes
eval_success_once_mean=0.0
eval_return_mean=12.160675048828125
eval_episode_len_mean=50.0
eval_reward_mean=0.24321348965168
eval_success_at_end_mean=0.0
model saved to runs/ContextualPushT-v1__ppo_t__1__1747335172/ckpt_176.pt
SPS: 9440
Epoch: 177, global_step=18022400
SPS: 9433
Epoch: 178, global_step=18124800
SPS: 9428
Epoch: 179, global_step=18227200
SPS: 9421
Epoch: 180, global_step=18329600
SPS: 9418
Epoch: 181, global_step=18432000
SPS: 9415
Epoch: 182, global_step=18534400
SPS: 9409
Epoch: 183, global_step=18636800
SPS: 9407
Epoch: 184, global_step=18739200
SPS: 9402
Epoch: 185, global_step=18841600
SPS: 9395
Epoch: 186, global_step=18944000
SPS: 9391
Epoch: 187, global_step=19046400
SPS: 9386
Epoch: 188, global_step=19148800
SPS: 9380
Epoch: 189, global_step=19251200
SPS: 9374
Epoch: 190, global_step=19353600
SPS: 9370
Epoch: 191, global_step=19456000
SPS: 9363
Epoch: 192, global_step=19558400
SPS: 9353
Epoch: 193, global_step=19660800
SPS: 9349
Epoch: 194, global_step=19763200
SPS: 9346
Epoch: 195, global_step=19865600
SPS: 9340
Epoch: 196, global_step=19968000
SPS: 9332
Epoch: 197, global_step=20070400
SPS: 9330
Epoch: 198, global_step=20172800
SPS: 9325
Epoch: 199, global_step=20275200
SPS: 9324
Epoch: 200, global_step=20377600
SPS: 9319
Epoch: 201, global_step=20480000
Evaluating
Generating modified URDF for /home/swarajh/miniconda3/envs/hyper/lib/python3.9/site-packages/mani_skill/assets/robots/panda/panda_stick.urdf with z-scale of 0.7...
Successfully modified link5 with z-scale of 0.7
Adjusted joint5 origin: added -0.06000000000000001 to y coordinate
Adjusted joint6 origin: added -0.06000000000000001 to y coordinate
Modified URDF saved to /tmp/panda_stick_scaled_0.7.urdf
Initializing ContextualPandaStick...
Generating modified URDF for /home/swarajh/miniconda3/envs/hyper/lib/python3.9/site-packages/mani_skill/assets/robots/panda/panda_stick.urdf with z-scale of 0.7...
Successfully modified link5 with z-scale of 0.7
Adjusted joint5 origin: added -0.06000000000000001 to y coordinate
Adjusted joint6 origin: added -0.06000000000000001 to y coordinate
Modified URDF saved to /tmp/panda_stick_scaled_0.7.urdf
Initializing ContextualPandaStick...
Evaluated 400 steps resulting in 8 episodes
eval_success_once_mean=0.5
eval_return_mean=19.11281967163086
eval_episode_len_mean=50.0
eval_reward_mean=0.382256418466568
eval_success_at_end_mean=0.5
model saved to runs/ContextualPushT-v1__ppo_t__1__1747335172/ckpt_201.pt
SPS: 9288
Epoch: 202, global_step=20582400
SPS: 9282
Epoch: 203, global_step=20684800
SPS: 9277
Epoch: 204, global_step=20787200
SPS: 9271
Epoch: 205, global_step=20889600
SPS: 9265
Epoch: 206, global_step=20992000
SPS: 9259
Epoch: 207, global_step=21094400
SPS: 9255
Epoch: 208, global_step=21196800
SPS: 9249
Epoch: 209, global_step=21299200
SPS: 9242
Epoch: 210, global_step=21401600
SPS: 9238
Epoch: 211, global_step=21504000
SPS: 9235
Epoch: 212, global_step=21606400
SPS: 9232
Epoch: 213, global_step=21708800
SPS: 9229
Epoch: 214, global_step=21811200
SPS: 9226
Epoch: 215, global_step=21913600
SPS: 9224
Epoch: 216, global_step=22016000
SPS: 9222
Epoch: 217, global_step=22118400
SPS: 9218
Epoch: 218, global_step=22220800
SPS: 9215
Epoch: 219, global_step=22323200
SPS: 9214
Epoch: 220, global_step=22425600
SPS: 9211
Epoch: 221, global_step=22528000
SPS: 9208
Epoch: 222, global_step=22630400
SPS: 9203
Epoch: 223, global_step=22732800
SPS: 9200
Epoch: 224, global_step=22835200
SPS: 9197
Epoch: 225, global_step=22937600
SPS: 9193
Epoch: 226, global_step=23040000
Evaluating
Generating modified URDF for /home/swarajh/miniconda3/envs/hyper/lib/python3.9/site-packages/mani_skill/assets/robots/panda/panda_stick.urdf with z-scale of 0.7...
Successfully modified link5 with z-scale of 0.7
Adjusted joint5 origin: added -0.06000000000000001 to y coordinate
Adjusted joint6 origin: added -0.06000000000000001 to y coordinate
Modified URDF saved to /tmp/panda_stick_scaled_0.7.urdf
Initializing ContextualPandaStick...
Generating modified URDF for /home/swarajh/miniconda3/envs/hyper/lib/python3.9/site-packages/mani_skill/assets/robots/panda/panda_stick.urdf with z-scale of 0.7...
Successfully modified link5 with z-scale of 0.7
Adjusted joint5 origin: added -0.06000000000000001 to y coordinate
Adjusted joint6 origin: added -0.06000000000000001 to y coordinate
Modified URDF saved to /tmp/panda_stick_scaled_0.7.urdf
Initializing ContextualPandaStick...
Evaluated 400 steps resulting in 8 episodes
eval_success_once_mean=0.125
eval_return_mean=12.078277587890625
eval_episode_len_mean=50.0
eval_reward_mean=0.24156554043293
eval_success_at_end_mean=0.125
model saved to runs/ContextualPushT-v1__ppo_t__1__1747335172/ckpt_226.pt
SPS: 9166
Epoch: 227, global_step=23142400
SPS: 9163
Epoch: 228, global_step=23244800
SPS: 9161
Epoch: 229, global_step=23347200
SPS: 9159
Epoch: 230, global_step=23449600
SPS: 9158
Epoch: 231, global_step=23552000
SPS: 9155
Epoch: 232, global_step=23654400
SPS: 9152
Epoch: 233, global_step=23756800
SPS: 9149
Epoch: 234, global_step=23859200
SPS: 9146
Epoch: 235, global_step=23961600
SPS: 9145
Epoch: 236, global_step=24064000
SPS: 9144
Epoch: 237, global_step=24166400
SPS: 9141
Epoch: 238, global_step=24268800
SPS: 9138
Epoch: 239, global_step=24371200
SPS: 9137
Epoch: 240, global_step=24473600
SPS: 9137
Epoch: 241, global_step=24576000
SPS: 9135
Epoch: 242, global_step=24678400
SPS: 9134
Epoch: 243, global_step=24780800
SPS: 9133
Epoch: 244, global_step=24883200
SPS: 9132
Epoch: 245, global_step=24985600
SPS: 9131
Epoch: 246, global_step=25088000
SPS: 9130
Epoch: 247, global_step=25190400
SPS: 9129
Epoch: 248, global_step=25292800
SPS: 9126
Epoch: 249, global_step=25395200
SPS: 9124
Epoch: 250, global_step=25497600
SPS: 9124
Epoch: 251, global_step=25600000
Evaluating
Generating modified URDF for /home/swarajh/miniconda3/envs/hyper/lib/python3.9/site-packages/mani_skill/assets/robots/panda/panda_stick.urdf with z-scale of 0.7...
Successfully modified link5 with z-scale of 0.7
Adjusted joint5 origin: added -0.06000000000000001 to y coordinate
Adjusted joint6 origin: added -0.06000000000000001 to y coordinate
Modified URDF saved to /tmp/panda_stick_scaled_0.7.urdf
Initializing ContextualPandaStick...
Generating modified URDF for /home/swarajh/miniconda3/envs/hyper/lib/python3.9/site-packages/mani_skill/assets/robots/panda/panda_stick.urdf with z-scale of 0.7...
Successfully modified link5 with z-scale of 0.7
Adjusted joint5 origin: added -0.06000000000000001 to y coordinate
Adjusted joint6 origin: added -0.06000000000000001 to y coordinate
Modified URDF saved to /tmp/panda_stick_scaled_0.7.urdf
Initializing ContextualPandaStick...
Evaluated 400 steps resulting in 8 episodes
eval_success_once_mean=0.375
eval_return_mean=15.092245101928711
eval_episode_len_mean=50.0
eval_reward_mean=0.30184489488601685
eval_success_at_end_mean=0.375
model saved to runs/ContextualPushT-v1__ppo_t__1__1747335172/ckpt_251.pt
SPS: 9103
Epoch: 252, global_step=25702400
SPS: 9100
Epoch: 253, global_step=25804800
SPS: 9099
Epoch: 254, global_step=25907200
SPS: 9091
Epoch: 255, global_step=26009600
SPS: 9088
Epoch: 256, global_step=26112000
SPS: 9085
Epoch: 257, global_step=26214400
SPS: 9084
Epoch: 258, global_step=26316800
SPS: 9081
Epoch: 259, global_step=26419200
SPS: 9079
Epoch: 260, global_step=26521600
SPS: 9076
Epoch: 261, global_step=26624000
SPS: 9072
Epoch: 262, global_step=26726400
SPS: 9072
Epoch: 263, global_step=26828800
SPS: 9068
Epoch: 264, global_step=26931200
SPS: 9064
Epoch: 265, global_step=27033600
SPS: 9062
Epoch: 266, global_step=27136000
SPS: 9059
Epoch: 267, global_step=27238400
SPS: 9056
Epoch: 268, global_step=27340800
SPS: 9050
Epoch: 269, global_step=27443200
SPS: 9042
Epoch: 270, global_step=27545600
SPS: 9043
Epoch: 271, global_step=27648000
SPS: 9046
Epoch: 272, global_step=27750400
SPS: 9050
Epoch: 273, global_step=27852800
SPS: 9054
Epoch: 274, global_step=27955200
SPS: 9058
Epoch: 275, global_step=28057600
SPS: 9060
Epoch: 276, global_step=28160000
Evaluating
Generating modified URDF for /home/swarajh/miniconda3/envs/hyper/lib/python3.9/site-packages/mani_skill/assets/robots/panda/panda_stick.urdf with z-scale of 0.7...
Successfully modified link5 with z-scale of 0.7
Adjusted joint5 origin: added -0.06000000000000001 to y coordinate
Adjusted joint6 origin: added -0.06000000000000001 to y coordinate
Modified URDF saved to /tmp/panda_stick_scaled_0.7.urdf
Initializing ContextualPandaStick...
Generating modified URDF for /home/swarajh/miniconda3/envs/hyper/lib/python3.9/site-packages/mani_skill/assets/robots/panda/panda_stick.urdf with z-scale of 0.7...
Successfully modified link5 with z-scale of 0.7
Adjusted joint5 origin: added -0.06000000000000001 to y coordinate
Adjusted joint6 origin: added -0.06000000000000001 to y coordinate
Modified URDF saved to /tmp/panda_stick_scaled_0.7.urdf
Initializing ContextualPandaStick...
Evaluated 400 steps resulting in 8 episodes
eval_success_once_mean=0.75
eval_return_mean=16.738845825195312
eval_episode_len_mean=50.0
eval_reward_mean=0.3347768783569336
eval_success_at_end_mean=0.75
model saved to runs/ContextualPushT-v1__ppo_t__1__1747335172/ckpt_276.pt
SPS: 9040
Epoch: 277, global_step=28262400
SPS: 9046
Epoch: 278, global_step=28364800
SPS: 9054
Epoch: 279, global_step=28467200
SPS: 9055
Epoch: 280, global_step=28569600
SPS: 9057
Epoch: 281, global_step=28672000
SPS: 9059
Epoch: 282, global_step=28774400
SPS: 9062
Epoch: 283, global_step=28876800
SPS: 9063
Epoch: 284, global_step=28979200
SPS: 9064
Epoch: 285, global_step=29081600
SPS: 9066
Epoch: 286, global_step=29184000
SPS: 9065
Epoch: 287, global_step=29286400
SPS: 9069
Epoch: 288, global_step=29388800
SPS: 9069
Epoch: 289, global_step=29491200
SPS: 9067
Epoch: 290, global_step=29593600
SPS: 9067
Epoch: 291, global_step=29696000
SPS: 9065
Epoch: 292, global_step=29798400
SPS: 9066
Epoch: 293, global_step=29900800
SPS: 9064
Epoch: 294, global_step=30003200
SPS: 9062
Epoch: 295, global_step=30105600
SPS: 9062
Epoch: 296, global_step=30208000
SPS: 9060
Epoch: 297, global_step=30310400
SPS: 9059
Epoch: 298, global_step=30412800
SPS: 9059
Epoch: 299, global_step=30515200
SPS: 9059
Epoch: 300, global_step=30617600
SPS: 9057
Epoch: 301, global_step=30720000
Evaluating
Generating modified URDF for /home/swarajh/miniconda3/envs/hyper/lib/python3.9/site-packages/mani_skill/assets/robots/panda/panda_stick.urdf with z-scale of 0.7...
Successfully modified link5 with z-scale of 0.7
Adjusted joint5 origin: added -0.06000000000000001 to y coordinate
Adjusted joint6 origin: added -0.06000000000000001 to y coordinate
Modified URDF saved to /tmp/panda_stick_scaled_0.7.urdf
Initializing ContextualPandaStick...
Generating modified URDF for /home/swarajh/miniconda3/envs/hyper/lib/python3.9/site-packages/mani_skill/assets/robots/panda/panda_stick.urdf with z-scale of 0.7...
Successfully modified link5 with z-scale of 0.7
Adjusted joint5 origin: added -0.06000000000000001 to y coordinate
Adjusted joint6 origin: added -0.06000000000000001 to y coordinate
Modified URDF saved to /tmp/panda_stick_scaled_0.7.urdf
Initializing ContextualPandaStick...
Evaluated 400 steps resulting in 8 episodes
eval_success_once_mean=0.5
eval_return_mean=18.091196060180664
eval_episode_len_mean=50.0
eval_reward_mean=0.3618239164352417
eval_success_at_end_mean=0.375
model saved to runs/ContextualPushT-v1__ppo_t__1__1747335172/ckpt_301.pt
SPS: 9038
Epoch: 302, global_step=30822400
SPS: 9045
Epoch: 303, global_step=30924800
SPS: 9044
Epoch: 304, global_step=31027200
SPS: 9042
Epoch: 305, global_step=31129600
SPS: 9042
Epoch: 306, global_step=31232000
SPS: 9040
Epoch: 307, global_step=31334400
SPS: 9038
Epoch: 308, global_step=31436800
SPS: 9038
Epoch: 309, global_step=31539200
SPS: 9037
Epoch: 310, global_step=31641600
SPS: 9036
Epoch: 311, global_step=31744000
SPS: 9042
Epoch: 312, global_step=31846400
SPS: 9039
Epoch: 313, global_step=31948800
SPS: 9037
Epoch: 314, global_step=32051200
SPS: 9036
Epoch: 315, global_step=32153600
SPS: 9035
Epoch: 316, global_step=32256000
SPS: 9033
Epoch: 317, global_step=32358400
SPS: 9032
Epoch: 318, global_step=32460800
SPS: 9031
Epoch: 319, global_step=32563200
SPS: 9034
Epoch: 320, global_step=32665600
SPS: 9037
Epoch: 321, global_step=32768000
SPS: 9042
Epoch: 322, global_step=32870400
SPS: 9043
Epoch: 323, global_step=32972800
SPS: 9043
Epoch: 324, global_step=33075200
SPS: 9045
Epoch: 325, global_step=33177600
SPS: 9044
Epoch: 326, global_step=33280000
Evaluating
Generating modified URDF for /home/swarajh/miniconda3/envs/hyper/lib/python3.9/site-packages/mani_skill/assets/robots/panda/panda_stick.urdf with z-scale of 0.7...
Successfully modified link5 with z-scale of 0.7
Adjusted joint5 origin: added -0.06000000000000001 to y coordinate
Adjusted joint6 origin: added -0.06000000000000001 to y coordinate
Modified URDF saved to /tmp/panda_stick_scaled_0.7.urdf
Initializing ContextualPandaStick...
Generating modified URDF for /home/swarajh/miniconda3/envs/hyper/lib/python3.9/site-packages/mani_skill/assets/robots/panda/panda_stick.urdf with z-scale of 0.7...
Successfully modified link5 with z-scale of 0.7
Adjusted joint5 origin: added -0.06000000000000001 to y coordinate
Adjusted joint6 origin: added -0.06000000000000001 to y coordinate
Modified URDF saved to /tmp/panda_stick_scaled_0.7.urdf
Initializing ContextualPandaStick...
Evaluated 400 steps resulting in 8 episodes
eval_success_once_mean=0.625
eval_return_mean=20.766584396362305
eval_episode_len_mean=50.0
eval_reward_mean=0.41533172130584717
eval_success_at_end_mean=0.625
model saved to runs/ContextualPushT-v1__ppo_t__1__1747335172/ckpt_326.pt
SPS: 9028
Epoch: 327, global_step=33382400
SPS: 9027
Epoch: 328, global_step=33484800
SPS: 9024
Epoch: 329, global_step=33587200
SPS: 9026
Epoch: 330, global_step=33689600
SPS: 9026
Epoch: 331, global_step=33792000
SPS: 9024
Epoch: 332, global_step=33894400
SPS: 9024
Epoch: 333, global_step=33996800
SPS: 9023
Epoch: 334, global_step=34099200
SPS: 9021
Epoch: 335, global_step=34201600
SPS: 9019
Epoch: 336, global_step=34304000
SPS: 9025
Epoch: 337, global_step=34406400
SPS: 9021
Epoch: 338, global_step=34508800
SPS: 9020
Epoch: 339, global_step=34611200
SPS: 9019
Epoch: 340, global_step=34713600
SPS: 9016
Epoch: 341, global_step=34816000
SPS: 9015
Epoch: 342, global_step=34918400
SPS: 9014
Epoch: 343, global_step=35020800
SPS: 9015
Epoch: 344, global_step=35123200
SPS: 9013
Epoch: 345, global_step=35225600
SPS: 9010
Epoch: 346, global_step=35328000
SPS: 9007
Epoch: 347, global_step=35430400
SPS: 9006
Epoch: 348, global_step=35532800
SPS: 9006
Epoch: 349, global_step=35635200
SPS: 9003
Epoch: 350, global_step=35737600
SPS: 9008
Epoch: 351, global_step=35840000
Evaluating
Generating modified URDF for /home/swarajh/miniconda3/envs/hyper/lib/python3.9/site-packages/mani_skill/assets/robots/panda/panda_stick.urdf with z-scale of 0.7...
Successfully modified link5 with z-scale of 0.7
Adjusted joint5 origin: added -0.06000000000000001 to y coordinate
Adjusted joint6 origin: added -0.06000000000000001 to y coordinate
Modified URDF saved to /tmp/panda_stick_scaled_0.7.urdf
Initializing ContextualPandaStick...
Generating modified URDF for /home/swarajh/miniconda3/envs/hyper/lib/python3.9/site-packages/mani_skill/assets/robots/panda/panda_stick.urdf with z-scale of 0.7...
Successfully modified link5 with z-scale of 0.7
Adjusted joint5 origin: added -0.06000000000000001 to y coordinate
Adjusted joint6 origin: added -0.06000000000000001 to y coordinate
Modified URDF saved to /tmp/panda_stick_scaled_0.7.urdf
Initializing ContextualPandaStick...
Evaluated 400 steps resulting in 8 episodes
eval_success_once_mean=0.875
eval_return_mean=20.53181266784668
eval_episode_len_mean=50.0
eval_reward_mean=0.4106362462043762
eval_success_at_end_mean=0.875
model saved to runs/ContextualPushT-v1__ppo_t__1__1747335172/ckpt_351.pt
SPS: 8988
Epoch: 352, global_step=35942400
SPS: 8987
Epoch: 353, global_step=36044800
SPS: 8985
Epoch: 354, global_step=36147200
SPS: 8983
Epoch: 355, global_step=36249600
SPS: 8984
Epoch: 356, global_step=36352000
SPS: 8982
Epoch: 357, global_step=36454400
SPS: 8980
Epoch: 358, global_step=36556800
SPS: 8979
Epoch: 359, global_step=36659200
SPS: 8976
Epoch: 360, global_step=36761600
SPS: 8974
Epoch: 361, global_step=36864000
SPS: 8974
Epoch: 362, global_step=36966400
SPS: 8973
Epoch: 363, global_step=37068800
SPS: 8975
Epoch: 364, global_step=37171200
SPS: 8979
Epoch: 365, global_step=37273600
SPS: 8984
Epoch: 366, global_step=37376000
SPS: 8982
Epoch: 367, global_step=37478400
SPS: 8981
Epoch: 368, global_step=37580800
SPS: 8983
Epoch: 369, global_step=37683200
SPS: 8987
Epoch: 370, global_step=37785600
SPS: 8987
Epoch: 371, global_step=37888000
SPS: 8991
Epoch: 372, global_step=37990400
SPS: 8989
Epoch: 373, global_step=38092800
SPS: 8987
Epoch: 374, global_step=38195200
SPS: 8987
Epoch: 375, global_step=38297600
SPS: 8990
Epoch: 376, global_step=38400000
Evaluating
Generating modified URDF for /home/swarajh/miniconda3/envs/hyper/lib/python3.9/site-packages/mani_skill/assets/robots/panda/panda_stick.urdf with z-scale of 0.7...
Successfully modified link5 with z-scale of 0.7
Adjusted joint5 origin: added -0.06000000000000001 to y coordinate
Adjusted joint6 origin: added -0.06000000000000001 to y coordinate
Modified URDF saved to /tmp/panda_stick_scaled_0.7.urdf
Initializing ContextualPandaStick...
Generating modified URDF for /home/swarajh/miniconda3/envs/hyper/lib/python3.9/site-packages/mani_skill/assets/robots/panda/panda_stick.urdf with z-scale of 0.7...
Successfully modified link5 with z-scale of 0.7
Adjusted joint5 origin: added -0.06000000000000001 to y coordinate
Adjusted joint6 origin: added -0.06000000000000001 to y coordinate
Modified URDF saved to /tmp/panda_stick_scaled_0.7.urdf
Initializing ContextualPandaStick...
Evaluated 400 steps resulting in 8 episodes
eval_success_once_mean=1.0
eval_return_mean=21.59879493713379
eval_episode_len_mean=50.0
eval_reward_mean=0.4319759011268616
eval_success_at_end_mean=1.0
model saved to runs/ContextualPushT-v1__ppo_t__1__1747335172/ckpt_376.pt
SPS: 8972
Epoch: 377, global_step=38502400
SPS: 8975
Epoch: 378, global_step=38604800
SPS: 8974
Epoch: 379, global_step=38707200
SPS: 8975
Epoch: 380, global_step=38809600
SPS: 8974
Epoch: 381, global_step=38912000
SPS: 8974
Epoch: 382, global_step=39014400
SPS: 8977
Epoch: 383, global_step=39116800
SPS: 8979
Epoch: 384, global_step=39219200
SPS: 8979
Epoch: 385, global_step=39321600
SPS: 8980
Epoch: 386, global_step=39424000
SPS: 8981
Epoch: 387, global_step=39526400
SPS: 8981
Epoch: 388, global_step=39628800
SPS: 8980
Epoch: 389, global_step=39731200
SPS: 8980
Epoch: 390, global_step=39833600
SPS: 8983
Epoch: 391, global_step=39936000
SPS: 8983
Epoch: 392, global_step=40038400
SPS: 8985
Epoch: 393, global_step=40140800
SPS: 8988
Epoch: 394, global_step=40243200
SPS: 8992
Epoch: 395, global_step=40345600
SPS: 8994
Epoch: 396, global_step=40448000
SPS: 8998
Epoch: 397, global_step=40550400
SPS: 8998
Epoch: 398, global_step=40652800
SPS: 8996
Epoch: 399, global_step=40755200
SPS: 8996
Epoch: 400, global_step=40857600
SPS: 9000
Epoch: 401, global_step=40960000
Evaluating
Generating modified URDF for /home/swarajh/miniconda3/envs/hyper/lib/python3.9/site-packages/mani_skill/assets/robots/panda/panda_stick.urdf with z-scale of 0.7...
Successfully modified link5 with z-scale of 0.7
Adjusted joint5 origin: added -0.06000000000000001 to y coordinate
Adjusted joint6 origin: added -0.06000000000000001 to y coordinate
Modified URDF saved to /tmp/panda_stick_scaled_0.7.urdf
Initializing ContextualPandaStick...
Generating modified URDF for /home/swarajh/miniconda3/envs/hyper/lib/python3.9/site-packages/mani_skill/assets/robots/panda/panda_stick.urdf with z-scale of 0.7...
Successfully modified link5 with z-scale of 0.7
Adjusted joint5 origin: added -0.06000000000000001 to y coordinate
Adjusted joint6 origin: added -0.06000000000000001 to y coordinate
Modified URDF saved to /tmp/panda_stick_scaled_0.7.urdf
Initializing ContextualPandaStick...
Evaluated 400 steps resulting in 8 episodes
eval_success_once_mean=0.875
eval_return_mean=25.36103630065918
eval_episode_len_mean=50.0
eval_reward_mean=0.5072207450866699
eval_success_at_end_mean=0.875
model saved to runs/ContextualPushT-v1__ppo_t__1__1747335172/ckpt_401.pt
SPS: 8984
Epoch: 402, global_step=41062400
SPS: 8983
Epoch: 403, global_step=41164800
SPS: 8987
Epoch: 404, global_step=41267200
SPS: 8986
Epoch: 405, global_step=41369600
SPS: 8987
Epoch: 406, global_step=41472000
SPS: 8989
Epoch: 407, global_step=41574400
SPS: 8993
Epoch: 408, global_step=41676800
SPS: 8997
Epoch: 409, global_step=41779200
SPS: 8996
Epoch: 410, global_step=41881600
SPS: 8996
Epoch: 411, global_step=41984000
SPS: 8995
Epoch: 412, global_step=42086400
SPS: 8998
Epoch: 413, global_step=42188800
SPS: 8997
Epoch: 414, global_step=42291200
SPS: 8997
Epoch: 415, global_step=42393600
SPS: 8995
Epoch: 416, global_step=42496000
SPS: 8994
Epoch: 417, global_step=42598400
SPS: 8993
Epoch: 418, global_step=42700800
SPS: 8992
Epoch: 419, global_step=42803200
SPS: 8997
Epoch: 420, global_step=42905600
SPS: 8996
Epoch: 421, global_step=43008000
SPS: 8997
Epoch: 422, global_step=43110400
SPS: 8996
Epoch: 423, global_step=43212800
SPS: 8999
Epoch: 424, global_step=43315200
SPS: 9001
Epoch: 425, global_step=43417600
SPS: 9005
Epoch: 426, global_step=43520000
Evaluating
Generating modified URDF for /home/swarajh/miniconda3/envs/hyper/lib/python3.9/site-packages/mani_skill/assets/robots/panda/panda_stick.urdf with z-scale of 0.7...
Successfully modified link5 with z-scale of 0.7
Adjusted joint5 origin: added -0.06000000000000001 to y coordinate
Adjusted joint6 origin: added -0.06000000000000001 to y coordinate
Modified URDF saved to /tmp/panda_stick_scaled_0.7.urdf
Initializing ContextualPandaStick...
Generating modified URDF for /home/swarajh/miniconda3/envs/hyper/lib/python3.9/site-packages/mani_skill/assets/robots/panda/panda_stick.urdf with z-scale of 0.7...
Successfully modified link5 with z-scale of 0.7
Adjusted joint5 origin: added -0.06000000000000001 to y coordinate
Adjusted joint6 origin: added -0.06000000000000001 to y coordinate
Modified URDF saved to /tmp/panda_stick_scaled_0.7.urdf
Initializing ContextualPandaStick...
Evaluated 400 steps resulting in 8 episodes
eval_success_once_mean=1.0
eval_return_mean=21.096572875976562
eval_episode_len_mean=50.0
eval_reward_mean=0.4219314455986023
eval_success_at_end_mean=0.625
model saved to runs/ContextualPushT-v1__ppo_t__1__1747335172/ckpt_426.pt
SPS: 8996
Epoch: 427, global_step=43622400
SPS: 9002
Epoch: 428, global_step=43724800
SPS: 9008
Epoch: 429, global_step=43827200
SPS: 9012
Epoch: 430, global_step=43929600
SPS: 9016
Epoch: 431, global_step=44032000
SPS: 9015
Epoch: 432, global_step=44134400
SPS: 9015
Epoch: 433, global_step=44236800
SPS: 9015
Epoch: 434, global_step=44339200
SPS: 9015
Epoch: 435, global_step=44441600
SPS: 9020
Epoch: 436, global_step=44544000
SPS: 9020
Epoch: 437, global_step=44646400
SPS: 9024
Epoch: 438, global_step=44748800
SPS: 9027
Epoch: 439, global_step=44851200
SPS: 9032
Epoch: 440, global_step=44953600
SPS: 9034
Epoch: 441, global_step=45056000
SPS: 9036
Epoch: 442, global_step=45158400
SPS: 9039
Epoch: 443, global_step=45260800
SPS: 9041
Epoch: 444, global_step=45363200
SPS: 9040
Epoch: 445, global_step=45465600
SPS: 9037
Epoch: 446, global_step=45568000
SPS: 9036
Epoch: 447, global_step=45670400
SPS: 9040
Epoch: 448, global_step=45772800
SPS: 9040
Epoch: 449, global_step=45875200
SPS: 9040
Epoch: 450, global_step=45977600
SPS: 9044
Epoch: 451, global_step=46080000
Evaluating
Generating modified URDF for /home/swarajh/miniconda3/envs/hyper/lib/python3.9/site-packages/mani_skill/assets/robots/panda/panda_stick.urdf with z-scale of 0.7...
Successfully modified link5 with z-scale of 0.7
Adjusted joint5 origin: added -0.06000000000000001 to y coordinate
Adjusted joint6 origin: added -0.06000000000000001 to y coordinate
Modified URDF saved to /tmp/panda_stick_scaled_0.7.urdf
Initializing ContextualPandaStick...
Generating modified URDF for /home/swarajh/miniconda3/envs/hyper/lib/python3.9/site-packages/mani_skill/assets/robots/panda/panda_stick.urdf with z-scale of 0.7...
Successfully modified link5 with z-scale of 0.7
Adjusted joint5 origin: added -0.06000000000000001 to y coordinate
Adjusted joint6 origin: added -0.06000000000000001 to y coordinate
Modified URDF saved to /tmp/panda_stick_scaled_0.7.urdf
Initializing ContextualPandaStick...
Evaluated 400 steps resulting in 8 episodes
eval_success_once_mean=1.0
eval_return_mean=18.625713348388672
eval_episode_len_mean=50.0
eval_reward_mean=0.3725142478942871
eval_success_at_end_mean=0.625
model saved to runs/ContextualPushT-v1__ppo_t__1__1747335172/ckpt_451.pt
SPS: 9037
Epoch: 452, global_step=46182400
SPS: 9042
Epoch: 453, global_step=46284800
SPS: 9045
Epoch: 454, global_step=46387200
SPS: 9049
Epoch: 455, global_step=46489600
SPS: 9053
Epoch: 456, global_step=46592000
SPS: 9057
Epoch: 457, global_step=46694400
SPS: 9062
Epoch: 458, global_step=46796800
SPS: 9061
Epoch: 459, global_step=46899200
SPS: 9065
Epoch: 460, global_step=47001600
SPS: 9068
Epoch: 461, global_step=47104000
SPS: 9073
Epoch: 462, global_step=47206400
SPS: 9076
Epoch: 463, global_step=47308800
SPS: 9076
Epoch: 464, global_step=47411200
SPS: 9079
Epoch: 465, global_step=47513600
SPS: 9083
Epoch: 466, global_step=47616000
SPS: 9086
Epoch: 467, global_step=47718400
SPS: 9088
Epoch: 468, global_step=47820800
SPS: 9092
Epoch: 469, global_step=47923200
SPS: 9097
Epoch: 470, global_step=48025600
SPS: 9098
Epoch: 471, global_step=48128000
SPS: 9100
Epoch: 472, global_step=48230400
SPS: 9099
Epoch: 473, global_step=48332800
SPS: 9099
Epoch: 474, global_step=48435200
SPS: 9103
Epoch: 475, global_step=48537600
SPS: 9105
Epoch: 476, global_step=48640000
Evaluating
Generating modified URDF for /home/swarajh/miniconda3/envs/hyper/lib/python3.9/site-packages/mani_skill/assets/robots/panda/panda_stick.urdf with z-scale of 0.7...
Successfully modified link5 with z-scale of 0.7
Adjusted joint5 origin: added -0.06000000000000001 to y coordinate
Adjusted joint6 origin: added -0.06000000000000001 to y coordinate
Modified URDF saved to /tmp/panda_stick_scaled_0.7.urdf
Initializing ContextualPandaStick...
Generating modified URDF for /home/swarajh/miniconda3/envs/hyper/lib/python3.9/site-packages/mani_skill/assets/robots/panda/panda_stick.urdf with z-scale of 0.7...
Successfully modified link5 with z-scale of 0.7
Adjusted joint5 origin: added -0.06000000000000001 to y coordinate
Adjusted joint6 origin: added -0.06000000000000001 to y coordinate
Modified URDF saved to /tmp/panda_stick_scaled_0.7.urdf
Initializing ContextualPandaStick...
Evaluated 400 steps resulting in 8 episodes
eval_success_once_mean=0.875
eval_return_mean=21.773555755615234
eval_episode_len_mean=50.0
eval_reward_mean=0.4354711174964905
eval_success_at_end_mean=0.75
model saved to runs/ContextualPushT-v1__ppo_t__1__1747335172/ckpt_476.pt
SPS: 9098
Epoch: 477, global_step=48742400
SPS: 9106
Epoch: 478, global_step=48844800
SPS: 9114
Epoch: 479, global_step=48947200
SPS: 9121
Epoch: 480, global_step=49049600
SPS: 9129
Epoch: 481, global_step=49152000
SPS: 9134
Epoch: 482, global_step=49254400
SPS: 9142
Epoch: 483, global_step=49356800
SPS: 9150
Epoch: 484, global_step=49459200
SPS: 9156
Epoch: 485, global_step=49561600
SPS: 9163
Epoch: 486, global_step=49664000
SPS: 9167
Epoch: 487, global_step=49766400
SPS: 9175
Epoch: 488, global_step=49868800
SPS: 9179
Epoch: 489, global_step=49971200
SPS: 9186
Epoch: 490, global_step=50073600
SPS: 9192
Epoch: 491, global_step=50176000
SPS: 9198
Epoch: 492, global_step=50278400
SPS: 9205
Epoch: 493, global_step=50380800
SPS: 9211
Epoch: 494, global_step=50483200
SPS: 9217
Epoch: 495, global_step=50585600
SPS: 9224
Epoch: 496, global_step=50688000
SPS: 9231
Epoch: 497, global_step=50790400
SPS: 9236
Epoch: 498, global_step=50892800
SPS: 9243
Epoch: 499, global_step=50995200
SPS: 9252
Epoch: 500, global_step=51097600
SPS: 9257
Epoch: 501, global_step=51200000
Evaluating
Generating modified URDF for /home/swarajh/miniconda3/envs/hyper/lib/python3.9/site-packages/mani_skill/assets/robots/panda/panda_stick.urdf with z-scale of 0.7...
Successfully modified link5 with z-scale of 0.7
Adjusted joint5 origin: added -0.06000000000000001 to y coordinate
Adjusted joint6 origin: added -0.06000000000000001 to y coordinate
Modified URDF saved to /tmp/panda_stick_scaled_0.7.urdf
Initializing ContextualPandaStick...
Generating modified URDF for /home/swarajh/miniconda3/envs/hyper/lib/python3.9/site-packages/mani_skill/assets/robots/panda/panda_stick.urdf with z-scale of 0.7...
Successfully modified link5 with z-scale of 0.7
Adjusted joint5 origin: added -0.06000000000000001 to y coordinate
Adjusted joint6 origin: added -0.06000000000000001 to y coordinate
Modified URDF saved to /tmp/panda_stick_scaled_0.7.urdf
Initializing ContextualPandaStick...
Evaluated 400 steps resulting in 8 episodes
eval_success_once_mean=0.875
eval_return_mean=20.81836700439453
eval_episode_len_mean=50.0
eval_reward_mean=0.4163673520088196
eval_success_at_end_mean=0.5
model saved to runs/ContextualPushT-v1__ppo_t__1__1747335172/ckpt_501.pt
SPS: 9256
Epoch: 502, global_step=51302400
SPS: 9264
Epoch: 503, global_step=51404800
SPS: 9272
Epoch: 504, global_step=51507200
SPS: 9279
Epoch: 505, global_step=51609600
SPS: 9286
Epoch: 506, global_step=51712000
SPS: 9294
Epoch: 507, global_step=51814400
SPS: 9302
Epoch: 508, global_step=51916800
SPS: 9309
Epoch: 509, global_step=52019200
SPS: 9317
Epoch: 510, global_step=52121600
SPS: 9320
Epoch: 511, global_step=52224000
SPS: 9328
Epoch: 512, global_step=52326400
SPS: 9335
Epoch: 513, global_step=52428800
SPS: 9339
Epoch: 514, global_step=52531200
SPS: 9345
Epoch: 515, global_step=52633600
SPS: 9352
Epoch: 516, global_step=52736000
SPS: 9359
Epoch: 517, global_step=52838400
SPS: 9365
Epoch: 518, global_step=52940800
SPS: 9370
Epoch: 519, global_step=53043200
SPS: 9373
Epoch: 520, global_step=53145600
SPS: 9379
Epoch: 521, global_step=53248000
SPS: 9387
Epoch: 522, global_step=53350400
SPS: 9393
Epoch: 523, global_step=53452800
SPS: 9399
Epoch: 524, global_step=53555200
SPS: 9406
Epoch: 525, global_step=53657600
SPS: 9413
Epoch: 526, global_step=53760000
Evaluating
Generating modified URDF for /home/swarajh/miniconda3/envs/hyper/lib/python3.9/site-packages/mani_skill/assets/robots/panda/panda_stick.urdf with z-scale of 0.7...
Successfully modified link5 with z-scale of 0.7
Adjusted joint5 origin: added -0.06000000000000001 to y coordinate
Adjusted joint6 origin: added -0.06000000000000001 to y coordinate
Modified URDF saved to /tmp/panda_stick_scaled_0.7.urdf
Initializing ContextualPandaStick...
Generating modified URDF for /home/swarajh/miniconda3/envs/hyper/lib/python3.9/site-packages/mani_skill/assets/robots/panda/panda_stick.urdf with z-scale of 0.7...
Successfully modified link5 with z-scale of 0.7
Adjusted joint5 origin: added -0.06000000000000001 to y coordinate
Adjusted joint6 origin: added -0.06000000000000001 to y coordinate
Modified URDF saved to /tmp/panda_stick_scaled_0.7.urdf
Initializing ContextualPandaStick...
Evaluated 400 steps resulting in 8 episodes
eval_success_once_mean=1.0
eval_return_mean=26.080223083496094
eval_episode_len_mean=50.0
eval_reward_mean=0.5216044187545776
eval_success_at_end_mean=0.875
model saved to runs/ContextualPushT-v1__ppo_t__1__1747335172/ckpt_526.pt
SPS: 9410
Epoch: 527, global_step=53862400
SPS: 9418
Epoch: 528, global_step=53964800
SPS: 9424
Epoch: 529, global_step=54067200
SPS: 9431
Epoch: 530, global_step=54169600
SPS: 9436
Epoch: 531, global_step=54272000
SPS: 9442
Epoch: 532, global_step=54374400
SPS: 9450
Epoch: 533, global_step=54476800
SPS: 9457
Epoch: 534, global_step=54579200
SPS: 9463
Epoch: 535, global_step=54681600
SPS: 9470
Epoch: 536, global_step=54784000
SPS: 9477
Epoch: 537, global_step=54886400
SPS: 9484
Epoch: 538, global_step=54988800
SPS: 9491
Epoch: 539, global_step=55091200
SPS: 9498
Epoch: 540, global_step=55193600
SPS: 9504
Epoch: 541, global_step=55296000
SPS: 9511
Epoch: 542, global_step=55398400
SPS: 9517
Epoch: 543, global_step=55500800
SPS: 9523
Epoch: 544, global_step=55603200
SPS: 9529
Epoch: 545, global_step=55705600
SPS: 9535
Epoch: 546, global_step=55808000
SPS: 9542
Epoch: 547, global_step=55910400
SPS: 9549
Epoch: 548, global_step=56012800
SPS: 9556
Epoch: 549, global_step=56115200
SPS: 9563
Epoch: 550, global_step=56217600
SPS: 9568
Epoch: 551, global_step=56320000
Evaluating
Generating modified URDF for /home/swarajh/miniconda3/envs/hyper/lib/python3.9/site-packages/mani_skill/assets/robots/panda/panda_stick.urdf with z-scale of 0.7...
Successfully modified link5 with z-scale of 0.7
Adjusted joint5 origin: added -0.06000000000000001 to y coordinate
Adjusted joint6 origin: added -0.06000000000000001 to y coordinate
Modified URDF saved to /tmp/panda_stick_scaled_0.7.urdf
Initializing ContextualPandaStick...
Generating modified URDF for /home/swarajh/miniconda3/envs/hyper/lib/python3.9/site-packages/mani_skill/assets/robots/panda/panda_stick.urdf with z-scale of 0.7...
Successfully modified link5 with z-scale of 0.7
Adjusted joint5 origin: added -0.06000000000000001 to y coordinate
Adjusted joint6 origin: added -0.06000000000000001 to y coordinate
Modified URDF saved to /tmp/panda_stick_scaled_0.7.urdf
Initializing ContextualPandaStick...
Evaluated 400 steps resulting in 8 episodes
eval_success_once_mean=1.0
eval_return_mean=27.09998321533203
eval_episode_len_mean=50.0
eval_reward_mean=0.5419996380805969
eval_success_at_end_mean=0.875
model saved to runs/ContextualPushT-v1__ppo_t__1__1747335172/ckpt_551.pt
SPS: 9565
Epoch: 552, global_step=56422400
SPS: 9572
Epoch: 553, global_step=56524800
SPS: 9578
Epoch: 554, global_step=56627200
SPS: 9584
Epoch: 555, global_step=56729600
SPS: 9589
Epoch: 556, global_step=56832000
SPS: 9595
Epoch: 557, global_step=56934400
SPS: 9602
Epoch: 558, global_step=57036800
SPS: 9608
Epoch: 559, global_step=57139200
SPS: 9614
Epoch: 560, global_step=57241600
SPS: 9621
Epoch: 561, global_step=57344000
SPS: 9626
Epoch: 562, global_step=57446400
SPS: 9632
Epoch: 563, global_step=57548800
SPS: 9638
Epoch: 564, global_step=57651200
SPS: 9645
Epoch: 565, global_step=57753600
SPS: 9651
Epoch: 566, global_step=57856000
SPS: 9656
Epoch: 567, global_step=57958400
SPS: 9663
Epoch: 568, global_step=58060800
SPS: 9669
Epoch: 569, global_step=58163200
SPS: 9676
Epoch: 570, global_step=58265600
SPS: 9681
Epoch: 571, global_step=58368000
SPS: 9687
Epoch: 572, global_step=58470400
SPS: 9694
Epoch: 573, global_step=58572800
SPS: 9700
Epoch: 574, global_step=58675200
SPS: 9706
Epoch: 575, global_step=58777600
SPS: 9713
Epoch: 576, global_step=58880000
Evaluating
Generating modified URDF for /home/swarajh/miniconda3/envs/hyper/lib/python3.9/site-packages/mani_skill/assets/robots/panda/panda_stick.urdf with z-scale of 0.7...
Successfully modified link5 with z-scale of 0.7
Adjusted joint5 origin: added -0.06000000000000001 to y coordinate
Adjusted joint6 origin: added -0.06000000000000001 to y coordinate
Modified URDF saved to /tmp/panda_stick_scaled_0.7.urdf
Initializing ContextualPandaStick...
Generating modified URDF for /home/swarajh/miniconda3/envs/hyper/lib/python3.9/site-packages/mani_skill/assets/robots/panda/panda_stick.urdf with z-scale of 0.7...
Successfully modified link5 with z-scale of 0.7
Adjusted joint5 origin: added -0.06000000000000001 to y coordinate
Adjusted joint6 origin: added -0.06000000000000001 to y coordinate
Modified URDF saved to /tmp/panda_stick_scaled_0.7.urdf
Initializing ContextualPandaStick...
Evaluated 400 steps resulting in 8 episodes
eval_success_once_mean=1.0
eval_return_mean=23.19440460205078
eval_episode_len_mean=50.0
eval_reward_mean=0.4638880491256714
eval_success_at_end_mean=0.75
model saved to runs/ContextualPushT-v1__ppo_t__1__1747335172/ckpt_576.pt
SPS: 9711
Epoch: 577, global_step=58982400
SPS: 9717
Epoch: 578, global_step=59084800
SPS: 9723
Epoch: 579, global_step=59187200
SPS: 9730
Epoch: 580, global_step=59289600
SPS: 9735
Epoch: 581, global_step=59392000
SPS: 9742
Epoch: 582, global_step=59494400
SPS: 9748
Epoch: 583, global_step=59596800
SPS: 9753
Epoch: 584, global_step=59699200
SPS: 9759
Epoch: 585, global_step=59801600
SPS: 9765
Epoch: 586, global_step=59904000
SPS: 9771
Epoch: 587, global_step=60006400
SPS: 9778
Epoch: 588, global_step=60108800
SPS: 9782
Epoch: 589, global_step=60211200
SPS: 9788
Epoch: 590, global_step=60313600
SPS: 9794
Epoch: 591, global_step=60416000
SPS: 9799
Epoch: 592, global_step=60518400
SPS: 9806
Epoch: 593, global_step=60620800
SPS: 9811
Epoch: 594, global_step=60723200
SPS: 9817
Epoch: 595, global_step=60825600
SPS: 9821
Epoch: 596, global_step=60928000
SPS: 9827
Epoch: 597, global_step=61030400
SPS: 9833
Epoch: 598, global_step=61132800
SPS: 9837
Epoch: 599, global_step=61235200
SPS: 9842
Epoch: 600, global_step=61337600
SPS: 9847
Epoch: 601, global_step=61440000
Evaluating
Generating modified URDF for /home/swarajh/miniconda3/envs/hyper/lib/python3.9/site-packages/mani_skill/assets/robots/panda/panda_stick.urdf with z-scale of 0.7...
Successfully modified link5 with z-scale of 0.7
Adjusted joint5 origin: added -0.06000000000000001 to y coordinate
Adjusted joint6 origin: added -0.06000000000000001 to y coordinate
Modified URDF saved to /tmp/panda_stick_scaled_0.7.urdf
Initializing ContextualPandaStick...
Generating modified URDF for /home/swarajh/miniconda3/envs/hyper/lib/python3.9/site-packages/mani_skill/assets/robots/panda/panda_stick.urdf with z-scale of 0.7...
Successfully modified link5 with z-scale of 0.7
Adjusted joint5 origin: added -0.06000000000000001 to y coordinate
Adjusted joint6 origin: added -0.06000000000000001 to y coordinate
Modified URDF saved to /tmp/panda_stick_scaled_0.7.urdf
Initializing ContextualPandaStick...
Evaluated 400 steps resulting in 8 episodes
eval_success_once_mean=1.0
eval_return_mean=22.98047637939453
eval_episode_len_mean=50.0
eval_reward_mean=0.4596095383167267
eval_success_at_end_mean=1.0
model saved to runs/ContextualPushT-v1__ppo_t__1__1747335172/ckpt_601.pt
SPS: 9845
Epoch: 602, global_step=61542400
SPS: 9850
Epoch: 603, global_step=61644800
SPS: 9857
Epoch: 604, global_step=61747200
SPS: 9859
Epoch: 605, global_step=61849600
SPS: 9864
Epoch: 606, global_step=61952000
SPS: 9869
Epoch: 607, global_step=62054400
SPS: 9876
Epoch: 608, global_step=62156800
SPS: 9882
Epoch: 609, global_step=62259200
SPS: 9887
Epoch: 610, global_step=62361600
SPS: 9893
Epoch: 611, global_step=62464000
SPS: 9898
Epoch: 612, global_step=62566400
SPS: 9904
Epoch: 613, global_step=62668800
SPS: 9910
Epoch: 614, global_step=62771200
SPS: 9915
Epoch: 615, global_step=62873600
SPS: 9921
Epoch: 616, global_step=62976000
SPS: 9926
Epoch: 617, global_step=63078400
SPS: 9932
Epoch: 618, global_step=63180800
SPS: 9938
Epoch: 619, global_step=63283200
SPS: 9943
Epoch: 620, global_step=63385600
SPS: 9948
Epoch: 621, global_step=63488000
SPS: 9954
Epoch: 622, global_step=63590400
SPS: 9960
Epoch: 623, global_step=63692800
SPS: 9966
Epoch: 624, global_step=63795200
SPS: 9970
Epoch: 625, global_step=63897600
SPS: 9975
Epoch: 626, global_step=64000000
Evaluating
Generating modified URDF for /home/swarajh/miniconda3/envs/hyper/lib/python3.9/site-packages/mani_skill/assets/robots/panda/panda_stick.urdf with z-scale of 0.7...
Successfully modified link5 with z-scale of 0.7
Adjusted joint5 origin: added -0.06000000000000001 to y coordinate
Adjusted joint6 origin: added -0.06000000000000001 to y coordinate
Modified URDF saved to /tmp/panda_stick_scaled_0.7.urdf
Initializing ContextualPandaStick...
Generating modified URDF for /home/swarajh/miniconda3/envs/hyper/lib/python3.9/site-packages/mani_skill/assets/robots/panda/panda_stick.urdf with z-scale of 0.7...
Successfully modified link5 with z-scale of 0.7
Adjusted joint5 origin: added -0.06000000000000001 to y coordinate
Adjusted joint6 origin: added -0.06000000000000001 to y coordinate
Modified URDF saved to /tmp/panda_stick_scaled_0.7.urdf
Initializing ContextualPandaStick...
Evaluated 400 steps resulting in 8 episodes
eval_success_once_mean=1.0
eval_return_mean=19.577964782714844
eval_episode_len_mean=50.0
eval_reward_mean=0.39155930280685425
eval_success_at_end_mean=0.625
model saved to runs/ContextualPushT-v1__ppo_t__1__1747335172/ckpt_626.pt
SPS: 9971
Epoch: 627, global_step=64102400
SPS: 9978
Epoch: 628, global_step=64204800
SPS: 9983
Epoch: 629, global_step=64307200
SPS: 9988
Epoch: 630, global_step=64409600
SPS: 9994
Epoch: 631, global_step=64512000
SPS: 9995
Epoch: 632, global_step=64614400
SPS: 10001
Epoch: 633, global_step=64716800
SPS: 10003
Epoch: 634, global_step=64819200
SPS: 10008
Epoch: 635, global_step=64921600
SPS: 10013
Epoch: 636, global_step=65024000
SPS: 10018
Epoch: 637, global_step=65126400
SPS: 10024
Epoch: 638, global_step=65228800
SPS: 10029
Epoch: 639, global_step=65331200
SPS: 10033
Epoch: 640, global_step=65433600
SPS: 10039
Epoch: 641, global_step=65536000
SPS: 10044
Epoch: 642, global_step=65638400
SPS: 10049
Epoch: 643, global_step=65740800
SPS: 10054
Epoch: 644, global_step=65843200
SPS: 10059
Epoch: 645, global_step=65945600
SPS: 10065
Epoch: 646, global_step=66048000
SPS: 10070
Epoch: 647, global_step=66150400
SPS: 10075
Epoch: 648, global_step=66252800
SPS: 10081
Epoch: 649, global_step=66355200
SPS: 10086
Epoch: 650, global_step=66457600
SPS: 10092
Epoch: 651, global_step=66560000
Evaluating
Generating modified URDF for /home/swarajh/miniconda3/envs/hyper/lib/python3.9/site-packages/mani_skill/assets/robots/panda/panda_stick.urdf with z-scale of 0.7...
Successfully modified link5 with z-scale of 0.7
Adjusted joint5 origin: added -0.06000000000000001 to y coordinate
Adjusted joint6 origin: added -0.06000000000000001 to y coordinate
Modified URDF saved to /tmp/panda_stick_scaled_0.7.urdf
Initializing ContextualPandaStick...
Generating modified URDF for /home/swarajh/miniconda3/envs/hyper/lib/python3.9/site-packages/mani_skill/assets/robots/panda/panda_stick.urdf with z-scale of 0.7...
Successfully modified link5 with z-scale of 0.7
Adjusted joint5 origin: added -0.06000000000000001 to y coordinate
Adjusted joint6 origin: added -0.06000000000000001 to y coordinate
Modified URDF saved to /tmp/panda_stick_scaled_0.7.urdf
Initializing ContextualPandaStick...
Evaluated 400 steps resulting in 8 episodes
eval_success_once_mean=0.875
eval_return_mean=24.84439468383789
eval_episode_len_mean=50.0
eval_reward_mean=0.4968878924846649
eval_success_at_end_mean=0.875
model saved to runs/ContextualPushT-v1__ppo_t__1__1747335172/ckpt_651.pt
SPS: 10089
Epoch: 652, global_step=66662400
SPS: 10094
Epoch: 653, global_step=66764800
SPS: 10098
Epoch: 654, global_step=66867200
SPS: 10104
Epoch: 655, global_step=66969600
SPS: 10109
Epoch: 656, global_step=67072000
SPS: 10114
Epoch: 657, global_step=67174400
SPS: 10119
Epoch: 658, global_step=67276800
SPS: 10124
Epoch: 659, global_step=67379200
SPS: 10129
Epoch: 660, global_step=67481600
SPS: 10134
Epoch: 661, global_step=67584000
SPS: 10139
Epoch: 662, global_step=67686400
SPS: 10143
Epoch: 663, global_step=67788800
SPS: 10147
Epoch: 664, global_step=67891200
SPS: 10151
Epoch: 665, global_step=67993600
SPS: 10155
Epoch: 666, global_step=68096000
SPS: 10160
Epoch: 667, global_step=68198400
SPS: 10164
Epoch: 668, global_step=68300800
SPS: 10168
Epoch: 669, global_step=68403200
SPS: 10172
Epoch: 670, global_step=68505600
SPS: 10177
Epoch: 671, global_step=68608000
SPS: 10181
Epoch: 672, global_step=68710400
SPS: 10186
Epoch: 673, global_step=68812800
SPS: 10189
Epoch: 674, global_step=68915200
SPS: 10194
Epoch: 675, global_step=69017600
SPS: 10198
Epoch: 676, global_step=69120000
Evaluating
Generating modified URDF for /home/swarajh/miniconda3/envs/hyper/lib/python3.9/site-packages/mani_skill/assets/robots/panda/panda_stick.urdf with z-scale of 0.7...
Successfully modified link5 with z-scale of 0.7
Adjusted joint5 origin: added -0.06000000000000001 to y coordinate
Adjusted joint6 origin: added -0.06000000000000001 to y coordinate
Modified URDF saved to /tmp/panda_stick_scaled_0.7.urdf
Initializing ContextualPandaStick...
Generating modified URDF for /home/swarajh/miniconda3/envs/hyper/lib/python3.9/site-packages/mani_skill/assets/robots/panda/panda_stick.urdf with z-scale of 0.7...
Successfully modified link5 with z-scale of 0.7
Adjusted joint5 origin: added -0.06000000000000001 to y coordinate
Adjusted joint6 origin: added -0.06000000000000001 to y coordinate
Modified URDF saved to /tmp/panda_stick_scaled_0.7.urdf
Initializing ContextualPandaStick...
Evaluated 400 steps resulting in 8 episodes
eval_success_once_mean=0.875
eval_return_mean=21.24700927734375
eval_episode_len_mean=50.0
eval_reward_mean=0.42494016885757446
eval_success_at_end_mean=0.625
model saved to runs/ContextualPushT-v1__ppo_t__1__1747335172/ckpt_676.pt
SPS: 10194
Epoch: 677, global_step=69222400
SPS: 10197
Epoch: 678, global_step=69324800
SPS: 10201
Epoch: 679, global_step=69427200
SPS: 10205
Epoch: 680, global_step=69529600
SPS: 10210
Epoch: 681, global_step=69632000
SPS: 10215
Epoch: 682, global_step=69734400
SPS: 10219
Epoch: 683, global_step=69836800
SPS: 10223
Epoch: 684, global_step=69939200
SPS: 10228
Epoch: 685, global_step=70041600
SPS: 10231
Epoch: 686, global_step=70144000
SPS: 10236
Epoch: 687, global_step=70246400
SPS: 10240
Epoch: 688, global_step=70348800
SPS: 10245
Epoch: 689, global_step=70451200
SPS: 10250
Epoch: 690, global_step=70553600
SPS: 10253
Epoch: 691, global_step=70656000
SPS: 10258
Epoch: 692, global_step=70758400
SPS: 10261
Epoch: 693, global_step=70860800
SPS: 10266
Epoch: 694, global_step=70963200
SPS: 10270
Epoch: 695, global_step=71065600
SPS: 10275
Epoch: 696, global_step=71168000
SPS: 10279
Epoch: 697, global_step=71270400
SPS: 10283
Epoch: 698, global_step=71372800
SPS: 10288
Epoch: 699, global_step=71475200
SPS: 10291
Epoch: 700, global_step=71577600
SPS: 10296
Epoch: 701, global_step=71680000
Evaluating
Generating modified URDF for /home/swarajh/miniconda3/envs/hyper/lib/python3.9/site-packages/mani_skill/assets/robots/panda/panda_stick.urdf with z-scale of 0.7...
Successfully modified link5 with z-scale of 0.7
Adjusted joint5 origin: added -0.06000000000000001 to y coordinate
Adjusted joint6 origin: added -0.06000000000000001 to y coordinate
Modified URDF saved to /tmp/panda_stick_scaled_0.7.urdf
Initializing ContextualPandaStick...
Generating modified URDF for /home/swarajh/miniconda3/envs/hyper/lib/python3.9/site-packages/mani_skill/assets/robots/panda/panda_stick.urdf with z-scale of 0.7...
Successfully modified link5 with z-scale of 0.7
Adjusted joint5 origin: added -0.06000000000000001 to y coordinate
Adjusted joint6 origin: added -0.06000000000000001 to y coordinate
Modified URDF saved to /tmp/panda_stick_scaled_0.7.urdf
Initializing ContextualPandaStick...
Evaluated 400 steps resulting in 8 episodes
eval_success_once_mean=1.0
eval_return_mean=22.37078857421875
eval_episode_len_mean=50.0
eval_reward_mean=0.4474157691001892
eval_success_at_end_mean=1.0
model saved to runs/ContextualPushT-v1__ppo_t__1__1747335172/ckpt_701.pt
SPS: 10291
Epoch: 702, global_step=71782400
SPS: 10297
Epoch: 703, global_step=71884800
SPS: 10300
Epoch: 704, global_step=71987200
SPS: 10304
Epoch: 705, global_step=72089600
SPS: 10308
Epoch: 706, global_step=72192000
SPS: 10311
Epoch: 707, global_step=72294400
SPS: 10316
Epoch: 708, global_step=72396800
SPS: 10319
Epoch: 709, global_step=72499200
SPS: 10324
Epoch: 710, global_step=72601600
SPS: 10328
Epoch: 711, global_step=72704000
SPS: 10332
Epoch: 712, global_step=72806400
SPS: 10335
Epoch: 713, global_step=72908800
SPS: 10338
Epoch: 714, global_step=73011200
SPS: 10343
Epoch: 715, global_step=73113600
SPS: 10347
Epoch: 716, global_step=73216000
SPS: 10351
Epoch: 717, global_step=73318400
SPS: 10355
Epoch: 718, global_step=73420800
SPS: 10358
Epoch: 719, global_step=73523200
SPS: 10362
Epoch: 720, global_step=73625600
SPS: 10366
Epoch: 721, global_step=73728000
SPS: 10370
Epoch: 722, global_step=73830400
SPS: 10374
Epoch: 723, global_step=73932800
SPS: 10378
Epoch: 724, global_step=74035200
SPS: 10381
Epoch: 725, global_step=74137600
SPS: 10385
Epoch: 726, global_step=74240000
Evaluating
Generating modified URDF for /home/swarajh/miniconda3/envs/hyper/lib/python3.9/site-packages/mani_skill/assets/robots/panda/panda_stick.urdf with z-scale of 0.7...
Successfully modified link5 with z-scale of 0.7
Adjusted joint5 origin: added -0.06000000000000001 to y coordinate
Adjusted joint6 origin: added -0.06000000000000001 to y coordinate
Modified URDF saved to /tmp/panda_stick_scaled_0.7.urdf
Initializing ContextualPandaStick...
Generating modified URDF for /home/swarajh/miniconda3/envs/hyper/lib/python3.9/site-packages/mani_skill/assets/robots/panda/panda_stick.urdf with z-scale of 0.7...
Successfully modified link5 with z-scale of 0.7
Adjusted joint5 origin: added -0.06000000000000001 to y coordinate
Adjusted joint6 origin: added -0.06000000000000001 to y coordinate
Modified URDF saved to /tmp/panda_stick_scaled_0.7.urdf
Initializing ContextualPandaStick...
Evaluated 400 steps resulting in 8 episodes
eval_success_once_mean=0.875
eval_return_mean=21.885326385498047
eval_episode_len_mean=50.0
eval_reward_mean=0.43770653009414673
eval_success_at_end_mean=0.75
model saved to runs/ContextualPushT-v1__ppo_t__1__1747335172/ckpt_726.pt
SPS: 10380
Epoch: 727, global_step=74342400
SPS: 10384
Epoch: 728, global_step=74444800
SPS: 10389
Epoch: 729, global_step=74547200
SPS: 10392
Epoch: 730, global_step=74649600
SPS: 10396
Epoch: 731, global_step=74752000
SPS: 10401
Epoch: 732, global_step=74854400
SPS: 10403
Epoch: 733, global_step=74956800
SPS: 10408
Epoch: 734, global_step=75059200
SPS: 10411
Epoch: 735, global_step=75161600
SPS: 10416
Epoch: 736, global_step=75264000
SPS: 10420
Epoch: 737, global_step=75366400
SPS: 10424
Epoch: 738, global_step=75468800
SPS: 10429
Epoch: 739, global_step=75571200
SPS: 10432
Epoch: 740, global_step=75673600
SPS: 10436
Epoch: 741, global_step=75776000
SPS: 10441
Epoch: 742, global_step=75878400
SPS: 10445
Epoch: 743, global_step=75980800
SPS: 10450
Epoch: 744, global_step=76083200
SPS: 10453
Epoch: 745, global_step=76185600
SPS: 10458
Epoch: 746, global_step=76288000
SPS: 10462
Epoch: 747, global_step=76390400
SPS: 10466
Epoch: 748, global_step=76492800
SPS: 10471
Epoch: 749, global_step=76595200
SPS: 10474
Epoch: 750, global_step=76697600
SPS: 10478
Epoch: 751, global_step=76800000
Evaluating
Generating modified URDF for /home/swarajh/miniconda3/envs/hyper/lib/python3.9/site-packages/mani_skill/assets/robots/panda/panda_stick.urdf with z-scale of 0.7...
Successfully modified link5 with z-scale of 0.7
Adjusted joint5 origin: added -0.06000000000000001 to y coordinate
Adjusted joint6 origin: added -0.06000000000000001 to y coordinate
Modified URDF saved to /tmp/panda_stick_scaled_0.7.urdf
Initializing ContextualPandaStick...
Generating modified URDF for /home/swarajh/miniconda3/envs/hyper/lib/python3.9/site-packages/mani_skill/assets/robots/panda/panda_stick.urdf with z-scale of 0.7...
Successfully modified link5 with z-scale of 0.7
Adjusted joint5 origin: added -0.06000000000000001 to y coordinate
Adjusted joint6 origin: added -0.06000000000000001 to y coordinate
Modified URDF saved to /tmp/panda_stick_scaled_0.7.urdf
Initializing ContextualPandaStick...
Evaluated 400 steps resulting in 8 episodes
eval_success_once_mean=0.875
eval_return_mean=19.758556365966797
eval_episode_len_mean=50.0
eval_reward_mean=0.3951711654663086
eval_success_at_end_mean=0.5
model saved to runs/ContextualPushT-v1__ppo_t__1__1747335172/ckpt_751.pt
SPS: 10473
Epoch: 752, global_step=76902400
SPS: 10478
Epoch: 753, global_step=77004800
SPS: 10482
Epoch: 754, global_step=77107200
SPS: 10486
Epoch: 755, global_step=77209600
SPS: 10490
Epoch: 756, global_step=77312000
SPS: 10494
Epoch: 757, global_step=77414400
SPS: 10498
Epoch: 758, global_step=77516800
SPS: 10503
Epoch: 759, global_step=77619200
SPS: 10507
Epoch: 760, global_step=77721600
SPS: 10511
Epoch: 761, global_step=77824000
SPS: 10515
Epoch: 762, global_step=77926400
SPS: 10520
Epoch: 763, global_step=78028800
SPS: 10524
Epoch: 764, global_step=78131200
SPS: 10528
Epoch: 765, global_step=78233600
SPS: 10533
Epoch: 766, global_step=78336000
SPS: 10537
Epoch: 767, global_step=78438400
SPS: 10541
Epoch: 768, global_step=78540800
SPS: 10545
Epoch: 769, global_step=78643200
SPS: 10549
Epoch: 770, global_step=78745600
SPS: 10553
Epoch: 771, global_step=78848000
SPS: 10558
Epoch: 772, global_step=78950400
SPS: 10562
Epoch: 773, global_step=79052800
SPS: 10566
Epoch: 774, global_step=79155200
SPS: 10571
Epoch: 775, global_step=79257600
SPS: 10574
Epoch: 776, global_step=79360000
Evaluating
Generating modified URDF for /home/swarajh/miniconda3/envs/hyper/lib/python3.9/site-packages/mani_skill/assets/robots/panda/panda_stick.urdf with z-scale of 0.7...
Successfully modified link5 with z-scale of 0.7
Adjusted joint5 origin: added -0.06000000000000001 to y coordinate
Adjusted joint6 origin: added -0.06000000000000001 to y coordinate
Modified URDF saved to /tmp/panda_stick_scaled_0.7.urdf
Initializing ContextualPandaStick...
Generating modified URDF for /home/swarajh/miniconda3/envs/hyper/lib/python3.9/site-packages/mani_skill/assets/robots/panda/panda_stick.urdf with z-scale of 0.7...
Successfully modified link5 with z-scale of 0.7
Adjusted joint5 origin: added -0.06000000000000001 to y coordinate
Adjusted joint6 origin: added -0.06000000000000001 to y coordinate
Modified URDF saved to /tmp/panda_stick_scaled_0.7.urdf
Initializing ContextualPandaStick...
Evaluated 400 steps resulting in 8 episodes
eval_success_once_mean=1.0
eval_return_mean=21.906925201416016
eval_episode_len_mean=50.0
eval_reward_mean=0.438138484954834
eval_success_at_end_mean=0.875
model saved to runs/ContextualPushT-v1__ppo_t__1__1747335172/ckpt_776.pt
SPS: 10571
Epoch: 777, global_step=79462400
SPS: 10575
Epoch: 778, global_step=79564800
SPS: 10580
Epoch: 779, global_step=79667200
SPS: 10584
Epoch: 780, global_step=79769600
SPS: 10588
Epoch: 781, global_step=79872000
SPS: 10593
Epoch: 782, global_step=79974400
SPS: 10596
Epoch: 783, global_step=80076800
SPS: 10600
Epoch: 784, global_step=80179200
SPS: 10605
Epoch: 785, global_step=80281600
SPS: 10609
Epoch: 786, global_step=80384000
SPS: 10613
Epoch: 787, global_step=80486400
SPS: 10617
Epoch: 788, global_step=80588800
SPS: 10621
Epoch: 789, global_step=80691200
SPS: 10625
Epoch: 790, global_step=80793600
SPS: 10629
Epoch: 791, global_step=80896000
SPS: 10632
Epoch: 792, global_step=80998400
SPS: 10636
Epoch: 793, global_step=81100800
SPS: 10639
Epoch: 794, global_step=81203200
SPS: 10643
Epoch: 795, global_step=81305600
SPS: 10647
Epoch: 796, global_step=81408000
SPS: 10650
Epoch: 797, global_step=81510400
SPS: 10655
Epoch: 798, global_step=81612800
SPS: 10659
Epoch: 799, global_step=81715200
SPS: 10663
Epoch: 800, global_step=81817600
SPS: 10666
Epoch: 801, global_step=81920000
Evaluating
Generating modified URDF for /home/swarajh/miniconda3/envs/hyper/lib/python3.9/site-packages/mani_skill/assets/robots/panda/panda_stick.urdf with z-scale of 0.7...
Successfully modified link5 with z-scale of 0.7
Adjusted joint5 origin: added -0.06000000000000001 to y coordinate
Adjusted joint6 origin: added -0.06000000000000001 to y coordinate
Modified URDF saved to /tmp/panda_stick_scaled_0.7.urdf
Initializing ContextualPandaStick...
Generating modified URDF for /home/swarajh/miniconda3/envs/hyper/lib/python3.9/site-packages/mani_skill/assets/robots/panda/panda_stick.urdf with z-scale of 0.7...
Successfully modified link5 with z-scale of 0.7
Adjusted joint5 origin: added -0.06000000000000001 to y coordinate
Adjusted joint6 origin: added -0.06000000000000001 to y coordinate
Modified URDF saved to /tmp/panda_stick_scaled_0.7.urdf
Initializing ContextualPandaStick...
Evaluated 400 steps resulting in 8 episodes
eval_success_once_mean=0.875
eval_return_mean=20.11373519897461
eval_episode_len_mean=50.0
eval_reward_mean=0.4022746682167053
eval_success_at_end_mean=0.625
model saved to runs/ContextualPushT-v1__ppo_t__1__1747335172/ckpt_801.pt
SPS: 10663
Epoch: 802, global_step=82022400
SPS: 10667
Epoch: 803, global_step=82124800
SPS: 10670
Epoch: 804, global_step=82227200
SPS: 10675
Epoch: 805, global_step=82329600
SPS: 10679
Epoch: 806, global_step=82432000
SPS: 10683
Epoch: 807, global_step=82534400
SPS: 10687
Epoch: 808, global_step=82636800
SPS: 10690
Epoch: 809, global_step=82739200
SPS: 10694
Epoch: 810, global_step=82841600
SPS: 10697
Epoch: 811, global_step=82944000
SPS: 10700
Epoch: 812, global_step=83046400
SPS: 10704
Epoch: 813, global_step=83148800
SPS: 10708
Epoch: 814, global_step=83251200
SPS: 10712
Epoch: 815, global_step=83353600
SPS: 10715
Epoch: 816, global_step=83456000
SPS: 10719
Epoch: 817, global_step=83558400
SPS: 10722
Epoch: 818, global_step=83660800
SPS: 10725
Epoch: 819, global_step=83763200
SPS: 10729
Epoch: 820, global_step=83865600
SPS: 10733
Epoch: 821, global_step=83968000
SPS: 10737
Epoch: 822, global_step=84070400
SPS: 10741
Epoch: 823, global_step=84172800
SPS: 10745
Epoch: 824, global_step=84275200
SPS: 10748
Epoch: 825, global_step=84377600
SPS: 10751
Epoch: 826, global_step=84480000
Evaluating
Generating modified URDF for /home/swarajh/miniconda3/envs/hyper/lib/python3.9/site-packages/mani_skill/assets/robots/panda/panda_stick.urdf with z-scale of 0.7...
Successfully modified link5 with z-scale of 0.7
Adjusted joint5 origin: added -0.06000000000000001 to y coordinate
Adjusted joint6 origin: added -0.06000000000000001 to y coordinate
Modified URDF saved to /tmp/panda_stick_scaled_0.7.urdf
Initializing ContextualPandaStick...
Generating modified URDF for /home/swarajh/miniconda3/envs/hyper/lib/python3.9/site-packages/mani_skill/assets/robots/panda/panda_stick.urdf with z-scale of 0.7...
Successfully modified link5 with z-scale of 0.7
Adjusted joint5 origin: added -0.06000000000000001 to y coordinate
Adjusted joint6 origin: added -0.06000000000000001 to y coordinate
Modified URDF saved to /tmp/panda_stick_scaled_0.7.urdf
Initializing ContextualPandaStick...
Evaluated 400 steps resulting in 8 episodes
eval_success_once_mean=1.0
eval_return_mean=22.844425201416016
eval_episode_len_mean=50.0
eval_reward_mean=0.45688849687576294
eval_success_at_end_mean=0.75
model saved to runs/ContextualPushT-v1__ppo_t__1__1747335172/ckpt_826.pt
SPS: 10748
Epoch: 827, global_step=84582400
SPS: 10751
Epoch: 828, global_step=84684800
SPS: 10755
Epoch: 829, global_step=84787200
SPS: 10759
Epoch: 830, global_step=84889600
SPS: 10762
Epoch: 831, global_step=84992000
SPS: 10766
Epoch: 832, global_step=85094400
SPS: 10770
Epoch: 833, global_step=85196800
SPS: 10773
Epoch: 834, global_step=85299200
SPS: 10778
Epoch: 835, global_step=85401600
SPS: 10781
Epoch: 836, global_step=85504000
SPS: 10785
Epoch: 837, global_step=85606400
SPS: 10789
Epoch: 838, global_step=85708800
SPS: 10792
Epoch: 839, global_step=85811200
SPS: 10796
Epoch: 840, global_step=85913600
SPS: 10800
Epoch: 841, global_step=86016000
SPS: 10803
Epoch: 842, global_step=86118400
SPS: 10807
Epoch: 843, global_step=86220800
SPS: 10811
Epoch: 844, global_step=86323200
SPS: 10814
Epoch: 845, global_step=86425600
SPS: 10817
Epoch: 846, global_step=86528000
SPS: 10821
Epoch: 847, global_step=86630400
SPS: 10825
Epoch: 848, global_step=86732800
SPS: 10828
Epoch: 849, global_step=86835200
SPS: 10832
Epoch: 850, global_step=86937600
SPS: 10835
Epoch: 851, global_step=87040000
Evaluating
Generating modified URDF for /home/swarajh/miniconda3/envs/hyper/lib/python3.9/site-packages/mani_skill/assets/robots/panda/panda_stick.urdf with z-scale of 0.7...
Successfully modified link5 with z-scale of 0.7
Adjusted joint5 origin: added -0.06000000000000001 to y coordinate
Adjusted joint6 origin: added -0.06000000000000001 to y coordinate
Modified URDF saved to /tmp/panda_stick_scaled_0.7.urdf
Initializing ContextualPandaStick...
Generating modified URDF for /home/swarajh/miniconda3/envs/hyper/lib/python3.9/site-packages/mani_skill/assets/robots/panda/panda_stick.urdf with z-scale of 0.7...
Successfully modified link5 with z-scale of 0.7
Adjusted joint5 origin: added -0.06000000000000001 to y coordinate
Adjusted joint6 origin: added -0.06000000000000001 to y coordinate
Modified URDF saved to /tmp/panda_stick_scaled_0.7.urdf
Initializing ContextualPandaStick...
Evaluated 400 steps resulting in 8 episodes
eval_success_once_mean=1.0
eval_return_mean=22.597490310668945
eval_episode_len_mean=50.0
eval_reward_mean=0.4519498348236084
eval_success_at_end_mean=0.875
model saved to runs/ContextualPushT-v1__ppo_t__1__1747335172/ckpt_851.pt
SPS: 10831
Epoch: 852, global_step=87142400
SPS: 10834
Epoch: 853, global_step=87244800
SPS: 10837
Epoch: 854, global_step=87347200
SPS: 10841
Epoch: 855, global_step=87449600
SPS: 10844
Epoch: 856, global_step=87552000
SPS: 10848
Epoch: 857, global_step=87654400
SPS: 10852
Epoch: 858, global_step=87756800
SPS: 10855
Epoch: 859, global_step=87859200
SPS: 10859
Epoch: 860, global_step=87961600
SPS: 10862
Epoch: 861, global_step=88064000
SPS: 10867
Epoch: 862, global_step=88166400
SPS: 10870
Epoch: 863, global_step=88268800
SPS: 10874
Epoch: 864, global_step=88371200
SPS: 10877
Epoch: 865, global_step=88473600
SPS: 10880
Epoch: 866, global_step=88576000
SPS: 10884
Epoch: 867, global_step=88678400
SPS: 10887
Epoch: 868, global_step=88780800
SPS: 10891
Epoch: 869, global_step=88883200
SPS: 10894
Epoch: 870, global_step=88985600
SPS: 10898
Epoch: 871, global_step=89088000
SPS: 10901
Epoch: 872, global_step=89190400
SPS: 10904
Epoch: 873, global_step=89292800
SPS: 10907
Epoch: 874, global_step=89395200
SPS: 10911
Epoch: 875, global_step=89497600
SPS: 10914
Epoch: 876, global_step=89600000
Evaluating
Generating modified URDF for /home/swarajh/miniconda3/envs/hyper/lib/python3.9/site-packages/mani_skill/assets/robots/panda/panda_stick.urdf with z-scale of 0.7...
Successfully modified link5 with z-scale of 0.7
Adjusted joint5 origin: added -0.06000000000000001 to y coordinate
Adjusted joint6 origin: added -0.06000000000000001 to y coordinate
Modified URDF saved to /tmp/panda_stick_scaled_0.7.urdf
Initializing ContextualPandaStick...
Generating modified URDF for /home/swarajh/miniconda3/envs/hyper/lib/python3.9/site-packages/mani_skill/assets/robots/panda/panda_stick.urdf with z-scale of 0.7...
Successfully modified link5 with z-scale of 0.7
Adjusted joint5 origin: added -0.06000000000000001 to y coordinate
Adjusted joint6 origin: added -0.06000000000000001 to y coordinate
Modified URDF saved to /tmp/panda_stick_scaled_0.7.urdf
Initializing ContextualPandaStick...
Evaluated 400 steps resulting in 8 episodes
eval_success_once_mean=1.0
eval_return_mean=20.471511840820312
eval_episode_len_mean=50.0
eval_reward_mean=0.40943023562431335
eval_success_at_end_mean=0.625
model saved to runs/ContextualPushT-v1__ppo_t__1__1747335172/ckpt_876.pt
SPS: 10910
Epoch: 877, global_step=89702400
SPS: 10914
Epoch: 878, global_step=89804800
SPS: 10917
Epoch: 879, global_step=89907200
SPS: 10920
Epoch: 880, global_step=90009600
SPS: 10924
Epoch: 881, global_step=90112000
SPS: 10927
Epoch: 882, global_step=90214400
SPS: 10931
Epoch: 883, global_step=90316800
SPS: 10934
Epoch: 884, global_step=90419200
SPS: 10937
Epoch: 885, global_step=90521600
SPS: 10941
Epoch: 886, global_step=90624000
SPS: 10944
Epoch: 887, global_step=90726400
SPS: 10947
Epoch: 888, global_step=90828800
SPS: 10951
Epoch: 889, global_step=90931200
SPS: 10954
Epoch: 890, global_step=91033600
SPS: 10958
Epoch: 891, global_step=91136000
SPS: 10962
Epoch: 892, global_step=91238400
SPS: 10965
Epoch: 893, global_step=91340800
SPS: 10968
Epoch: 894, global_step=91443200
SPS: 10971
Epoch: 895, global_step=91545600
SPS: 10974
Epoch: 896, global_step=91648000
SPS: 10977
Epoch: 897, global_step=91750400
SPS: 10981
Epoch: 898, global_step=91852800
SPS: 10984
Epoch: 899, global_step=91955200
SPS: 10987
Epoch: 900, global_step=92057600
SPS: 10989
Epoch: 901, global_step=92160000
Evaluating
Generating modified URDF for /home/swarajh/miniconda3/envs/hyper/lib/python3.9/site-packages/mani_skill/assets/robots/panda/panda_stick.urdf with z-scale of 0.7...
Successfully modified link5 with z-scale of 0.7
Adjusted joint5 origin: added -0.06000000000000001 to y coordinate
Adjusted joint6 origin: added -0.06000000000000001 to y coordinate
Modified URDF saved to /tmp/panda_stick_scaled_0.7.urdf
Initializing ContextualPandaStick...
Generating modified URDF for /home/swarajh/miniconda3/envs/hyper/lib/python3.9/site-packages/mani_skill/assets/robots/panda/panda_stick.urdf with z-scale of 0.7...
Successfully modified link5 with z-scale of 0.7
Adjusted joint5 origin: added -0.06000000000000001 to y coordinate
Adjusted joint6 origin: added -0.06000000000000001 to y coordinate
Modified URDF saved to /tmp/panda_stick_scaled_0.7.urdf
Initializing ContextualPandaStick...
Evaluated 400 steps resulting in 8 episodes
eval_success_once_mean=1.0
eval_return_mean=20.472623825073242
eval_episode_len_mean=50.0
eval_reward_mean=0.40945249795913696
eval_success_at_end_mean=0.75
model saved to runs/ContextualPushT-v1__ppo_t__1__1747335172/ckpt_901.pt
SPS: 10985
Epoch: 902, global_step=92262400
SPS: 10988
Epoch: 903, global_step=92364800
SPS: 10992
Epoch: 904, global_step=92467200
SPS: 10996
Epoch: 905, global_step=92569600
SPS: 10999
Epoch: 906, global_step=92672000
SPS: 11002
Epoch: 907, global_step=92774400
SPS: 11005
Epoch: 908, global_step=92876800
SPS: 11009
Epoch: 909, global_step=92979200
SPS: 11012
Epoch: 910, global_step=93081600
SPS: 11015
Epoch: 911, global_step=93184000
SPS: 11019
Epoch: 912, global_step=93286400
SPS: 11022
Epoch: 913, global_step=93388800
SPS: 11025
Epoch: 914, global_step=93491200
SPS: 11028
Epoch: 915, global_step=93593600
SPS: 11030
Epoch: 916, global_step=93696000
SPS: 11033
Epoch: 917, global_step=93798400
SPS: 11037
Epoch: 918, global_step=93900800
SPS: 11040
Epoch: 919, global_step=94003200
SPS: 11042
Epoch: 920, global_step=94105600
SPS: 11046
Epoch: 921, global_step=94208000
SPS: 11049
Epoch: 922, global_step=94310400
SPS: 11052
Epoch: 923, global_step=94412800
SPS: 11055
Epoch: 924, global_step=94515200
SPS: 11058
Epoch: 925, global_step=94617600
SPS: 11061
Epoch: 926, global_step=94720000
Evaluating
Generating modified URDF for /home/swarajh/miniconda3/envs/hyper/lib/python3.9/site-packages/mani_skill/assets/robots/panda/panda_stick.urdf with z-scale of 0.7...
Successfully modified link5 with z-scale of 0.7
Adjusted joint5 origin: added -0.06000000000000001 to y coordinate
Adjusted joint6 origin: added -0.06000000000000001 to y coordinate
Modified URDF saved to /tmp/panda_stick_scaled_0.7.urdf
Initializing ContextualPandaStick...
Generating modified URDF for /home/swarajh/miniconda3/envs/hyper/lib/python3.9/site-packages/mani_skill/assets/robots/panda/panda_stick.urdf with z-scale of 0.7...
Successfully modified link5 with z-scale of 0.7
Adjusted joint5 origin: added -0.06000000000000001 to y coordinate
Adjusted joint6 origin: added -0.06000000000000001 to y coordinate
Modified URDF saved to /tmp/panda_stick_scaled_0.7.urdf
Initializing ContextualPandaStick...
Evaluated 400 steps resulting in 8 episodes
eval_success_once_mean=1.0
eval_return_mean=23.174341201782227
eval_episode_len_mean=50.0
eval_reward_mean=0.46348685026168823
eval_success_at_end_mean=0.875
model saved to runs/ContextualPushT-v1__ppo_t__1__1747335172/ckpt_926.pt
SPS: 11056
Epoch: 927, global_step=94822400
SPS: 11060
Epoch: 928, global_step=94924800
SPS: 11062
Epoch: 929, global_step=95027200
SPS: 11065
Epoch: 930, global_step=95129600
SPS: 11068
Epoch: 931, global_step=95232000
SPS: 11071
Epoch: 932, global_step=95334400
SPS: 11075
Epoch: 933, global_step=95436800
SPS: 11077
Epoch: 934, global_step=95539200
SPS: 11080
Epoch: 935, global_step=95641600
SPS: 11084
Epoch: 936, global_step=95744000
SPS: 11086
Epoch: 937, global_step=95846400
SPS: 11089
Epoch: 938, global_step=95948800
SPS: 11092
Epoch: 939, global_step=96051200
SPS: 11095
Epoch: 940, global_step=96153600
SPS: 11098
Epoch: 941, global_step=96256000
SPS: 11101
Epoch: 942, global_step=96358400
SPS: 11104
Epoch: 943, global_step=96460800
SPS: 11108
Epoch: 944, global_step=96563200
SPS: 11111
Epoch: 945, global_step=96665600
SPS: 11114
Epoch: 946, global_step=96768000
SPS: 11117
Epoch: 947, global_step=96870400
SPS: 11120
Epoch: 948, global_step=96972800
SPS: 11124
Epoch: 949, global_step=97075200
SPS: 11127
Epoch: 950, global_step=97177600
SPS: 11130
Epoch: 951, global_step=97280000
Evaluating
Generating modified URDF for /home/swarajh/miniconda3/envs/hyper/lib/python3.9/site-packages/mani_skill/assets/robots/panda/panda_stick.urdf with z-scale of 0.7...
Successfully modified link5 with z-scale of 0.7
Adjusted joint5 origin: added -0.06000000000000001 to y coordinate
Adjusted joint6 origin: added -0.06000000000000001 to y coordinate
Modified URDF saved to /tmp/panda_stick_scaled_0.7.urdf
Initializing ContextualPandaStick...
Generating modified URDF for /home/swarajh/miniconda3/envs/hyper/lib/python3.9/site-packages/mani_skill/assets/robots/panda/panda_stick.urdf with z-scale of 0.7...
Successfully modified link5 with z-scale of 0.7
Adjusted joint5 origin: added -0.06000000000000001 to y coordinate
Adjusted joint6 origin: added -0.06000000000000001 to y coordinate
Modified URDF saved to /tmp/panda_stick_scaled_0.7.urdf
Initializing ContextualPandaStick...
Evaluated 400 steps resulting in 8 episodes
eval_success_once_mean=1.0
eval_return_mean=22.188091278076172
eval_episode_len_mean=50.0
eval_reward_mean=0.44376179575920105
eval_success_at_end_mean=0.75
model saved to runs/ContextualPushT-v1__ppo_t__1__1747335172/ckpt_951.pt
SPS: 11126
Epoch: 952, global_step=97382400
SPS: 11129
Epoch: 953, global_step=97484800
SPS: 11132
Epoch: 954, global_step=97587200
SPS: 11135
Epoch: 955, global_step=97689600
SPS: 11138
Epoch: 956, global_step=97792000
SPS: 11141
Epoch: 957, global_step=97894400
SPS: 11144
Epoch: 958, global_step=97996800
SPS: 11147
Epoch: 959, global_step=98099200
SPS: 11150
Epoch: 960, global_step=98201600
SPS: 11153
Epoch: 961, global_step=98304000
SPS: 11156
Epoch: 962, global_step=98406400
SPS: 11159
Epoch: 963, global_step=98508800
SPS: 11162
Epoch: 964, global_step=98611200
SPS: 11164
Epoch: 965, global_step=98713600
SPS: 11168
Epoch: 966, global_step=98816000
SPS: 11171
Epoch: 967, global_step=98918400
SPS: 11173
Epoch: 968, global_step=99020800
SPS: 11177
Epoch: 969, global_step=99123200
SPS: 11180
Epoch: 970, global_step=99225600
SPS: 11182
Epoch: 971, global_step=99328000
SPS: 11185
Epoch: 972, global_step=99430400
SPS: 11188
Epoch: 973, global_step=99532800
SPS: 11191
Epoch: 974, global_step=99635200
SPS: 11194
Epoch: 975, global_step=99737600
SPS: 11197
Epoch: 976, global_step=99840000
Evaluating
Generating modified URDF for /home/swarajh/miniconda3/envs/hyper/lib/python3.9/site-packages/mani_skill/assets/robots/panda/panda_stick.urdf with z-scale of 0.7...
Successfully modified link5 with z-scale of 0.7
Adjusted joint5 origin: added -0.06000000000000001 to y coordinate
Adjusted joint6 origin: added -0.06000000000000001 to y coordinate
Modified URDF saved to /tmp/panda_stick_scaled_0.7.urdf
Initializing ContextualPandaStick...
Generating modified URDF for /home/swarajh/miniconda3/envs/hyper/lib/python3.9/site-packages/mani_skill/assets/robots/panda/panda_stick.urdf with z-scale of 0.7...
Successfully modified link5 with z-scale of 0.7
Adjusted joint5 origin: added -0.06000000000000001 to y coordinate
Adjusted joint6 origin: added -0.06000000000000001 to y coordinate
Modified URDF saved to /tmp/panda_stick_scaled_0.7.urdf
Initializing ContextualPandaStick...
Evaluated 400 steps resulting in 8 episodes
eval_success_once_mean=1.0
eval_return_mean=20.120376586914062
eval_episode_len_mean=50.0
eval_reward_mean=0.40240758657455444
eval_success_at_end_mean=0.625
model saved to runs/ContextualPushT-v1__ppo_t__1__1747335172/ckpt_976.pt
SPS: 11193
model saved to runs/ContextualPushT-v1__ppo_t__1__1747335172/final_ckpt.pt
gin: added -0.06000000000000001 to y coordinate
Adjusted joint6 origin: added 0.0030000000000000005 to y coordinate
Modified URDF saved to /tmp/panda_stick_scaled_0.7.urdf
Initializing ContextualPandaStick...
Evaluated 400 steps resulting in 8 episodes
eval_success_once_mean=1.0
eval_return_mean=20.134456634521484
eval_episode_len_mean=50.0
eval_reward_mean=0.4026890993118286
eval_success_at_end_mean=0.75
model saved to runs/ContextualPushT-v1__ppo_t__1__1747332194/ckpt_976.pt
SPS: 11992
model saved to runs/ContextualPushT-v1__ppo_t__1__1747332194/final_ckpt.pt
